<?xml version="1.0" encoding="UTF-8"?>
<robot generator="Robot 6.0.1 (Python 3.11.0 on win32)" generated="20230418 09:00:35.792" rpa="false" schemaversion="3">
<suite id="s1" name="AutomationExercise24bis" source="C:\development\robot-scripts\UI_RobotLessons\TestWorks\AutomationExercise24bis.robot">
<test id="s1-t1" name="Test Case 24: Download Invoice after purchase order" line="46">
<kw name="Homepage should be visible">
<kw name="Open Browser" library="SeleniumLibrary">
<arg>${url}</arg>
<arg>${browser}</arg>
<doc>Opens a new browser instance to the optional ``url``.</doc>
<msg timestamp="20230418 09:00:36.436" level="INFO">Opening browser 'gc' to base url 'https://automationexercise.com/'.</msg>
<status status="PASS" starttime="20230418 09:00:36.435" endtime="20230418 09:00:42.369"/>
</kw>
<kw name="Maximize Browser Window" library="SeleniumLibrary">
<doc>Maximizes current browser window.</doc>
<status status="PASS" starttime="20230418 09:00:42.369" endtime="20230418 09:00:42.526"/>
</kw>
<kw name="Get Element Attribute" library="SeleniumLibrary">
<var>${homeColor}</var>
<arg>${AutExerHome}</arg>
<arg>style</arg>
<doc>Returns the value of ``attribute`` from the element ``locator``.</doc>
<msg timestamp="20230418 09:00:42.617" level="INFO">${homeColor} = color: orange;</msg>
<status status="PASS" starttime="20230418 09:00:42.526" endtime="20230418 09:00:42.617"/>
</kw>
<kw name="Should Contain" library="BuiltIn">
<arg>${homeColor}</arg>
<arg>orange</arg>
<doc>Fails if ``container`` does not contain ``item`` one or more times.</doc>
<status status="PASS" starttime="20230418 09:00:42.617" endtime="20230418 09:00:42.617"/>
</kw>
<status status="PASS" starttime="20230418 09:00:36.435" endtime="20230418 09:00:42.617"/>
</kw>
<kw name="After adding some products Cart Page should be visible">
<kw name="Get WebElements" library="SeleniumLibrary">
<var>${addToCartElements}</var>
<arg>${addToCards}</arg>
<doc>Returns a list of WebElement objects matching the ``locator``.</doc>
<msg timestamp="20230418 09:00:42.632" level="INFO">${addToCartElements} = [&lt;selenium.webdriver.remote.webelement.WebElement (session="63c0dd06073aa775862ba4e5d0bb3ea8", element="60e18de1-65f4-4c3a-90af-6903eabca6c8")&gt;, &lt;selenium.webdriver.remote.webelement.WebElement (sessi...</msg>
<status status="PASS" starttime="20230418 09:00:42.617" endtime="20230418 09:00:42.632"/>
</kw>
<kw name="Get Length" library="BuiltIn">
<var>${CartElementsLength}</var>
<arg>${addToCartElements}</arg>
<doc>Returns and logs the length of the given item as an integer.</doc>
<msg timestamp="20230418 09:00:42.633" level="INFO">Length is 74</msg>
<msg timestamp="20230418 09:00:42.633" level="INFO">${CartElementsLength} = 74</msg>
<status status="PASS" starttime="20230418 09:00:42.633" endtime="20230418 09:00:42.633"/>
</kw>
<kw name="Create List" library="BuiltIn">
<var>${ClickableCartElements}</var>
<doc>Returns a list containing given items.</doc>
<msg timestamp="20230418 09:00:42.633" level="INFO">${ClickableCartElements} = []</msg>
<status status="PASS" starttime="20230418 09:00:42.633" endtime="20230418 09:00:42.633"/>
</kw>
<kw name="Set Selenium Speed" library="SeleniumLibrary">
<arg>1</arg>
<doc>Sets the delay that is waited after each Selenium command.</doc>
<status status="PASS" starttime="20230418 09:00:42.633" endtime="20230418 09:00:42.633"/>
</kw>
<for flavor="IN RANGE">
<var>${indexNo}</var>
<value>0</value>
<value>${CartElementsLength}</value>
<value>2</value>
<iter>
<var name="${indexNo}">0</var>
<kw name="Get From List" library="Collections">
<var>${eachProductLocator}</var>
<arg>${addToCartElements}</arg>
<arg>${indexNo}</arg>
<doc>Returns the value specified with an ``index`` from ``list``.</doc>
<msg timestamp="20230418 09:00:42.634" level="INFO">${eachProductLocator} = &lt;selenium.webdriver.remote.webelement.WebElement (session="63c0dd06073aa775862ba4e5d0bb3ea8", element="60e18de1-65f4-4c3a-90af-6903eabca6c8")&gt;</msg>
<status status="PASS" starttime="20230418 09:00:42.634" endtime="20230418 09:00:42.634"/>
</kw>
<kw name="Append To List" library="Collections">
<arg>${ClickableCartElements}</arg>
<arg>${eachProductLocator}</arg>
<doc>Adds ``values`` to the end of ``list``.</doc>
<status status="PASS" starttime="20230418 09:00:42.634" endtime="20230418 09:00:42.634"/>
</kw>
<status status="PASS" starttime="20230418 09:00:42.634" endtime="20230418 09:00:42.634"/>
</iter>
<iter>
<var name="${indexNo}">2</var>
<kw name="Get From List" library="Collections">
<var>${eachProductLocator}</var>
<arg>${addToCartElements}</arg>
<arg>${indexNo}</arg>
<doc>Returns the value specified with an ``index`` from ``list``.</doc>
<msg timestamp="20230418 09:00:42.634" level="INFO">${eachProductLocator} = &lt;selenium.webdriver.remote.webelement.WebElement (session="63c0dd06073aa775862ba4e5d0bb3ea8", element="87d10397-16c5-4ef5-b844-4eda29d804f0")&gt;</msg>
<status status="PASS" starttime="20230418 09:00:42.634" endtime="20230418 09:00:42.634"/>
</kw>
<kw name="Append To List" library="Collections">
<arg>${ClickableCartElements}</arg>
<arg>${eachProductLocator}</arg>
<doc>Adds ``values`` to the end of ``list``.</doc>
<status status="PASS" starttime="20230418 09:00:42.634" endtime="20230418 09:00:42.635"/>
</kw>
<status status="PASS" starttime="20230418 09:00:42.634" endtime="20230418 09:00:42.635"/>
</iter>
<iter>
<var name="${indexNo}">4</var>
<kw name="Get From List" library="Collections">
<var>${eachProductLocator}</var>
<arg>${addToCartElements}</arg>
<arg>${indexNo}</arg>
<doc>Returns the value specified with an ``index`` from ``list``.</doc>
<msg timestamp="20230418 09:00:42.635" level="INFO">${eachProductLocator} = &lt;selenium.webdriver.remote.webelement.WebElement (session="63c0dd06073aa775862ba4e5d0bb3ea8", element="bedfab65-98c3-47b5-ac78-712dda604d36")&gt;</msg>
<status status="PASS" starttime="20230418 09:00:42.635" endtime="20230418 09:00:42.635"/>
</kw>
<kw name="Append To List" library="Collections">
<arg>${ClickableCartElements}</arg>
<arg>${eachProductLocator}</arg>
<doc>Adds ``values`` to the end of ``list``.</doc>
<status status="PASS" starttime="20230418 09:00:42.635" endtime="20230418 09:00:42.635"/>
</kw>
<status status="PASS" starttime="20230418 09:00:42.635" endtime="20230418 09:00:42.635"/>
</iter>
<iter>
<var name="${indexNo}">6</var>
<kw name="Get From List" library="Collections">
<var>${eachProductLocator}</var>
<arg>${addToCartElements}</arg>
<arg>${indexNo}</arg>
<doc>Returns the value specified with an ``index`` from ``list``.</doc>
<msg timestamp="20230418 09:00:42.636" level="INFO">${eachProductLocator} = &lt;selenium.webdriver.remote.webelement.WebElement (session="63c0dd06073aa775862ba4e5d0bb3ea8", element="3f5b5ffb-4cc0-4b0b-b05b-b889cfeea958")&gt;</msg>
<status status="PASS" starttime="20230418 09:00:42.635" endtime="20230418 09:00:42.636"/>
</kw>
<kw name="Append To List" library="Collections">
<arg>${ClickableCartElements}</arg>
<arg>${eachProductLocator}</arg>
<doc>Adds ``values`` to the end of ``list``.</doc>
<status status="PASS" starttime="20230418 09:00:42.636" endtime="20230418 09:00:42.636"/>
</kw>
<status status="PASS" starttime="20230418 09:00:42.635" endtime="20230418 09:00:42.636"/>
</iter>
<iter>
<var name="${indexNo}">8</var>
<kw name="Get From List" library="Collections">
<var>${eachProductLocator}</var>
<arg>${addToCartElements}</arg>
<arg>${indexNo}</arg>
<doc>Returns the value specified with an ``index`` from ``list``.</doc>
<msg timestamp="20230418 09:00:42.636" level="INFO">${eachProductLocator} = &lt;selenium.webdriver.remote.webelement.WebElement (session="63c0dd06073aa775862ba4e5d0bb3ea8", element="da79acbb-a199-41a2-a54c-4ca62c1f4548")&gt;</msg>
<status status="PASS" starttime="20230418 09:00:42.636" endtime="20230418 09:00:42.636"/>
</kw>
<kw name="Append To List" library="Collections">
<arg>${ClickableCartElements}</arg>
<arg>${eachProductLocator}</arg>
<doc>Adds ``values`` to the end of ``list``.</doc>
<status status="PASS" starttime="20230418 09:00:42.636" endtime="20230418 09:00:42.636"/>
</kw>
<status status="PASS" starttime="20230418 09:00:42.636" endtime="20230418 09:00:42.636"/>
</iter>
<iter>
<var name="${indexNo}">10</var>
<kw name="Get From List" library="Collections">
<var>${eachProductLocator}</var>
<arg>${addToCartElements}</arg>
<arg>${indexNo}</arg>
<doc>Returns the value specified with an ``index`` from ``list``.</doc>
<msg timestamp="20230418 09:00:42.637" level="INFO">${eachProductLocator} = &lt;selenium.webdriver.remote.webelement.WebElement (session="63c0dd06073aa775862ba4e5d0bb3ea8", element="cadf8609-00a5-49fd-aef6-7c1ba3435a87")&gt;</msg>
<status status="PASS" starttime="20230418 09:00:42.637" endtime="20230418 09:00:42.637"/>
</kw>
<kw name="Append To List" library="Collections">
<arg>${ClickableCartElements}</arg>
<arg>${eachProductLocator}</arg>
<doc>Adds ``values`` to the end of ``list``.</doc>
<status status="PASS" starttime="20230418 09:00:42.637" endtime="20230418 09:00:42.637"/>
</kw>
<status status="PASS" starttime="20230418 09:00:42.637" endtime="20230418 09:00:42.637"/>
</iter>
<iter>
<var name="${indexNo}">12</var>
<kw name="Get From List" library="Collections">
<var>${eachProductLocator}</var>
<arg>${addToCartElements}</arg>
<arg>${indexNo}</arg>
<doc>Returns the value specified with an ``index`` from ``list``.</doc>
<msg timestamp="20230418 09:00:42.637" level="INFO">${eachProductLocator} = &lt;selenium.webdriver.remote.webelement.WebElement (session="63c0dd06073aa775862ba4e5d0bb3ea8", element="c153106b-3c11-4b86-8b5b-f666372d1d56")&gt;</msg>
<status status="PASS" starttime="20230418 09:00:42.637" endtime="20230418 09:00:42.637"/>
</kw>
<kw name="Append To List" library="Collections">
<arg>${ClickableCartElements}</arg>
<arg>${eachProductLocator}</arg>
<doc>Adds ``values`` to the end of ``list``.</doc>
<status status="PASS" starttime="20230418 09:00:42.637" endtime="20230418 09:00:42.638"/>
</kw>
<status status="PASS" starttime="20230418 09:00:42.637" endtime="20230418 09:00:42.638"/>
</iter>
<iter>
<var name="${indexNo}">14</var>
<kw name="Get From List" library="Collections">
<var>${eachProductLocator}</var>
<arg>${addToCartElements}</arg>
<arg>${indexNo}</arg>
<doc>Returns the value specified with an ``index`` from ``list``.</doc>
<msg timestamp="20230418 09:00:42.638" level="INFO">${eachProductLocator} = &lt;selenium.webdriver.remote.webelement.WebElement (session="63c0dd06073aa775862ba4e5d0bb3ea8", element="ef0d479e-5244-443b-8856-56481557f626")&gt;</msg>
<status status="PASS" starttime="20230418 09:00:42.638" endtime="20230418 09:00:42.638"/>
</kw>
<kw name="Append To List" library="Collections">
<arg>${ClickableCartElements}</arg>
<arg>${eachProductLocator}</arg>
<doc>Adds ``values`` to the end of ``list``.</doc>
<status status="PASS" starttime="20230418 09:00:42.638" endtime="20230418 09:00:42.638"/>
</kw>
<status status="PASS" starttime="20230418 09:00:42.638" endtime="20230418 09:00:42.638"/>
</iter>
<iter>
<var name="${indexNo}">16</var>
<kw name="Get From List" library="Collections">
<var>${eachProductLocator}</var>
<arg>${addToCartElements}</arg>
<arg>${indexNo}</arg>
<doc>Returns the value specified with an ``index`` from ``list``.</doc>
<msg timestamp="20230418 09:00:42.638" level="INFO">${eachProductLocator} = &lt;selenium.webdriver.remote.webelement.WebElement (session="63c0dd06073aa775862ba4e5d0bb3ea8", element="33f02c75-ce32-4a87-b440-65149c151fcf")&gt;</msg>
<status status="PASS" starttime="20230418 09:00:42.638" endtime="20230418 09:00:42.639"/>
</kw>
<kw name="Append To List" library="Collections">
<arg>${ClickableCartElements}</arg>
<arg>${eachProductLocator}</arg>
<doc>Adds ``values`` to the end of ``list``.</doc>
<status status="PASS" starttime="20230418 09:00:42.639" endtime="20230418 09:00:42.639"/>
</kw>
<status status="PASS" starttime="20230418 09:00:42.638" endtime="20230418 09:00:42.639"/>
</iter>
<iter>
<var name="${indexNo}">18</var>
<kw name="Get From List" library="Collections">
<var>${eachProductLocator}</var>
<arg>${addToCartElements}</arg>
<arg>${indexNo}</arg>
<doc>Returns the value specified with an ``index`` from ``list``.</doc>
<msg timestamp="20230418 09:00:42.639" level="INFO">${eachProductLocator} = &lt;selenium.webdriver.remote.webelement.WebElement (session="63c0dd06073aa775862ba4e5d0bb3ea8", element="db235e17-46ef-4abd-862c-8708c2f526de")&gt;</msg>
<status status="PASS" starttime="20230418 09:00:42.639" endtime="20230418 09:00:42.639"/>
</kw>
<kw name="Append To List" library="Collections">
<arg>${ClickableCartElements}</arg>
<arg>${eachProductLocator}</arg>
<doc>Adds ``values`` to the end of ``list``.</doc>
<status status="PASS" starttime="20230418 09:00:42.639" endtime="20230418 09:00:42.639"/>
</kw>
<status status="PASS" starttime="20230418 09:00:42.639" endtime="20230418 09:00:42.639"/>
</iter>
<iter>
<var name="${indexNo}">20</var>
<kw name="Get From List" library="Collections">
<var>${eachProductLocator}</var>
<arg>${addToCartElements}</arg>
<arg>${indexNo}</arg>
<doc>Returns the value specified with an ``index`` from ``list``.</doc>
<msg timestamp="20230418 09:00:42.639" level="INFO">${eachProductLocator} = &lt;selenium.webdriver.remote.webelement.WebElement (session="63c0dd06073aa775862ba4e5d0bb3ea8", element="9d7db261-107f-428e-876d-1bd6fe2934ea")&gt;</msg>
<status status="PASS" starttime="20230418 09:00:42.639" endtime="20230418 09:00:42.640"/>
</kw>
<kw name="Append To List" library="Collections">
<arg>${ClickableCartElements}</arg>
<arg>${eachProductLocator}</arg>
<doc>Adds ``values`` to the end of ``list``.</doc>
<status status="PASS" starttime="20230418 09:00:42.640" endtime="20230418 09:00:42.640"/>
</kw>
<status status="PASS" starttime="20230418 09:00:42.639" endtime="20230418 09:00:42.640"/>
</iter>
<iter>
<var name="${indexNo}">22</var>
<kw name="Get From List" library="Collections">
<var>${eachProductLocator}</var>
<arg>${addToCartElements}</arg>
<arg>${indexNo}</arg>
<doc>Returns the value specified with an ``index`` from ``list``.</doc>
<msg timestamp="20230418 09:00:42.640" level="INFO">${eachProductLocator} = &lt;selenium.webdriver.remote.webelement.WebElement (session="63c0dd06073aa775862ba4e5d0bb3ea8", element="9f72d66b-178f-4da5-a5d0-189a11f5504b")&gt;</msg>
<status status="PASS" starttime="20230418 09:00:42.640" endtime="20230418 09:00:42.640"/>
</kw>
<kw name="Append To List" library="Collections">
<arg>${ClickableCartElements}</arg>
<arg>${eachProductLocator}</arg>
<doc>Adds ``values`` to the end of ``list``.</doc>
<status status="PASS" starttime="20230418 09:00:42.640" endtime="20230418 09:00:42.640"/>
</kw>
<status status="PASS" starttime="20230418 09:00:42.640" endtime="20230418 09:00:42.640"/>
</iter>
<iter>
<var name="${indexNo}">24</var>
<kw name="Get From List" library="Collections">
<var>${eachProductLocator}</var>
<arg>${addToCartElements}</arg>
<arg>${indexNo}</arg>
<doc>Returns the value specified with an ``index`` from ``list``.</doc>
<msg timestamp="20230418 09:00:42.640" level="INFO">${eachProductLocator} = &lt;selenium.webdriver.remote.webelement.WebElement (session="63c0dd06073aa775862ba4e5d0bb3ea8", element="ddef77b5-fce0-4e99-b323-c62c37da55ef")&gt;</msg>
<status status="PASS" starttime="20230418 09:00:42.640" endtime="20230418 09:00:42.641"/>
</kw>
<kw name="Append To List" library="Collections">
<arg>${ClickableCartElements}</arg>
<arg>${eachProductLocator}</arg>
<doc>Adds ``values`` to the end of ``list``.</doc>
<status status="PASS" starttime="20230418 09:00:42.641" endtime="20230418 09:00:42.641"/>
</kw>
<status status="PASS" starttime="20230418 09:00:42.640" endtime="20230418 09:00:42.641"/>
</iter>
<iter>
<var name="${indexNo}">26</var>
<kw name="Get From List" library="Collections">
<var>${eachProductLocator}</var>
<arg>${addToCartElements}</arg>
<arg>${indexNo}</arg>
<doc>Returns the value specified with an ``index`` from ``list``.</doc>
<msg timestamp="20230418 09:00:42.641" level="INFO">${eachProductLocator} = &lt;selenium.webdriver.remote.webelement.WebElement (session="63c0dd06073aa775862ba4e5d0bb3ea8", element="c8b12ade-a7a0-4915-877d-60a77410c9c4")&gt;</msg>
<status status="PASS" starttime="20230418 09:00:42.641" endtime="20230418 09:00:42.641"/>
</kw>
<kw name="Append To List" library="Collections">
<arg>${ClickableCartElements}</arg>
<arg>${eachProductLocator}</arg>
<doc>Adds ``values`` to the end of ``list``.</doc>
<status status="PASS" starttime="20230418 09:00:42.641" endtime="20230418 09:00:42.641"/>
</kw>
<status status="PASS" starttime="20230418 09:00:42.641" endtime="20230418 09:00:42.641"/>
</iter>
<iter>
<var name="${indexNo}">28</var>
<kw name="Get From List" library="Collections">
<var>${eachProductLocator}</var>
<arg>${addToCartElements}</arg>
<arg>${indexNo}</arg>
<doc>Returns the value specified with an ``index`` from ``list``.</doc>
<msg timestamp="20230418 09:00:42.642" level="INFO">${eachProductLocator} = &lt;selenium.webdriver.remote.webelement.WebElement (session="63c0dd06073aa775862ba4e5d0bb3ea8", element="292bfb74-3fbb-4f13-a7c5-69c9a3a300c0")&gt;</msg>
<status status="PASS" starttime="20230418 09:00:42.641" endtime="20230418 09:00:42.642"/>
</kw>
<kw name="Append To List" library="Collections">
<arg>${ClickableCartElements}</arg>
<arg>${eachProductLocator}</arg>
<doc>Adds ``values`` to the end of ``list``.</doc>
<status status="PASS" starttime="20230418 09:00:42.642" endtime="20230418 09:00:42.642"/>
</kw>
<status status="PASS" starttime="20230418 09:00:42.641" endtime="20230418 09:00:42.642"/>
</iter>
<iter>
<var name="${indexNo}">30</var>
<kw name="Get From List" library="Collections">
<var>${eachProductLocator}</var>
<arg>${addToCartElements}</arg>
<arg>${indexNo}</arg>
<doc>Returns the value specified with an ``index`` from ``list``.</doc>
<msg timestamp="20230418 09:00:42.642" level="INFO">${eachProductLocator} = &lt;selenium.webdriver.remote.webelement.WebElement (session="63c0dd06073aa775862ba4e5d0bb3ea8", element="51361d71-1667-44d4-9e3d-9ff4dff7c29a")&gt;</msg>
<status status="PASS" starttime="20230418 09:00:42.642" endtime="20230418 09:00:42.642"/>
</kw>
<kw name="Append To List" library="Collections">
<arg>${ClickableCartElements}</arg>
<arg>${eachProductLocator}</arg>
<doc>Adds ``values`` to the end of ``list``.</doc>
<status status="PASS" starttime="20230418 09:00:42.642" endtime="20230418 09:00:42.642"/>
</kw>
<status status="PASS" starttime="20230418 09:00:42.642" endtime="20230418 09:00:42.642"/>
</iter>
<iter>
<var name="${indexNo}">32</var>
<kw name="Get From List" library="Collections">
<var>${eachProductLocator}</var>
<arg>${addToCartElements}</arg>
<arg>${indexNo}</arg>
<doc>Returns the value specified with an ``index`` from ``list``.</doc>
<msg timestamp="20230418 09:00:42.643" level="INFO">${eachProductLocator} = &lt;selenium.webdriver.remote.webelement.WebElement (session="63c0dd06073aa775862ba4e5d0bb3ea8", element="a39d9fee-be5f-489e-86d8-124ece18cba1")&gt;</msg>
<status status="PASS" starttime="20230418 09:00:42.643" endtime="20230418 09:00:42.643"/>
</kw>
<kw name="Append To List" library="Collections">
<arg>${ClickableCartElements}</arg>
<arg>${eachProductLocator}</arg>
<doc>Adds ``values`` to the end of ``list``.</doc>
<status status="PASS" starttime="20230418 09:00:42.643" endtime="20230418 09:00:42.643"/>
</kw>
<status status="PASS" starttime="20230418 09:00:42.642" endtime="20230418 09:00:42.643"/>
</iter>
<iter>
<var name="${indexNo}">34</var>
<kw name="Get From List" library="Collections">
<var>${eachProductLocator}</var>
<arg>${addToCartElements}</arg>
<arg>${indexNo}</arg>
<doc>Returns the value specified with an ``index`` from ``list``.</doc>
<msg timestamp="20230418 09:00:42.643" level="INFO">${eachProductLocator} = &lt;selenium.webdriver.remote.webelement.WebElement (session="63c0dd06073aa775862ba4e5d0bb3ea8", element="15fd49ae-4403-4074-8f52-e3eee62c6672")&gt;</msg>
<status status="PASS" starttime="20230418 09:00:42.643" endtime="20230418 09:00:42.643"/>
</kw>
<kw name="Append To List" library="Collections">
<arg>${ClickableCartElements}</arg>
<arg>${eachProductLocator}</arg>
<doc>Adds ``values`` to the end of ``list``.</doc>
<status status="PASS" starttime="20230418 09:00:42.643" endtime="20230418 09:00:42.643"/>
</kw>
<status status="PASS" starttime="20230418 09:00:42.643" endtime="20230418 09:00:42.643"/>
</iter>
<iter>
<var name="${indexNo}">36</var>
<kw name="Get From List" library="Collections">
<var>${eachProductLocator}</var>
<arg>${addToCartElements}</arg>
<arg>${indexNo}</arg>
<doc>Returns the value specified with an ``index`` from ``list``.</doc>
<msg timestamp="20230418 09:00:42.644" level="INFO">${eachProductLocator} = &lt;selenium.webdriver.remote.webelement.WebElement (session="63c0dd06073aa775862ba4e5d0bb3ea8", element="d7410c43-ae8b-40d8-abbb-a1ea49a4fac0")&gt;</msg>
<status status="PASS" starttime="20230418 09:00:42.644" endtime="20230418 09:00:42.644"/>
</kw>
<kw name="Append To List" library="Collections">
<arg>${ClickableCartElements}</arg>
<arg>${eachProductLocator}</arg>
<doc>Adds ``values`` to the end of ``list``.</doc>
<status status="PASS" starttime="20230418 09:00:42.644" endtime="20230418 09:00:42.644"/>
</kw>
<status status="PASS" starttime="20230418 09:00:42.643" endtime="20230418 09:00:42.644"/>
</iter>
<iter>
<var name="${indexNo}">38</var>
<kw name="Get From List" library="Collections">
<var>${eachProductLocator}</var>
<arg>${addToCartElements}</arg>
<arg>${indexNo}</arg>
<doc>Returns the value specified with an ``index`` from ``list``.</doc>
<msg timestamp="20230418 09:00:42.644" level="INFO">${eachProductLocator} = &lt;selenium.webdriver.remote.webelement.WebElement (session="63c0dd06073aa775862ba4e5d0bb3ea8", element="3180953e-f8c0-4826-a97d-29a8096e582c")&gt;</msg>
<status status="PASS" starttime="20230418 09:00:42.644" endtime="20230418 09:00:42.644"/>
</kw>
<kw name="Append To List" library="Collections">
<arg>${ClickableCartElements}</arg>
<arg>${eachProductLocator}</arg>
<doc>Adds ``values`` to the end of ``list``.</doc>
<status status="PASS" starttime="20230418 09:00:42.644" endtime="20230418 09:00:42.644"/>
</kw>
<status status="PASS" starttime="20230418 09:00:42.644" endtime="20230418 09:00:42.644"/>
</iter>
<iter>
<var name="${indexNo}">40</var>
<kw name="Get From List" library="Collections">
<var>${eachProductLocator}</var>
<arg>${addToCartElements}</arg>
<arg>${indexNo}</arg>
<doc>Returns the value specified with an ``index`` from ``list``.</doc>
<msg timestamp="20230418 09:00:42.645" level="INFO">${eachProductLocator} = &lt;selenium.webdriver.remote.webelement.WebElement (session="63c0dd06073aa775862ba4e5d0bb3ea8", element="de253665-610a-4ab4-b395-111b3d4facfa")&gt;</msg>
<status status="PASS" starttime="20230418 09:00:42.645" endtime="20230418 09:00:42.645"/>
</kw>
<kw name="Append To List" library="Collections">
<arg>${ClickableCartElements}</arg>
<arg>${eachProductLocator}</arg>
<doc>Adds ``values`` to the end of ``list``.</doc>
<status status="PASS" starttime="20230418 09:00:42.645" endtime="20230418 09:00:42.645"/>
</kw>
<status status="PASS" starttime="20230418 09:00:42.645" endtime="20230418 09:00:42.645"/>
</iter>
<iter>
<var name="${indexNo}">42</var>
<kw name="Get From List" library="Collections">
<var>${eachProductLocator}</var>
<arg>${addToCartElements}</arg>
<arg>${indexNo}</arg>
<doc>Returns the value specified with an ``index`` from ``list``.</doc>
<msg timestamp="20230418 09:00:42.645" level="INFO">${eachProductLocator} = &lt;selenium.webdriver.remote.webelement.WebElement (session="63c0dd06073aa775862ba4e5d0bb3ea8", element="02391f7d-e1a5-40dd-b7d4-2352cdba4cf1")&gt;</msg>
<status status="PASS" starttime="20230418 09:00:42.645" endtime="20230418 09:00:42.645"/>
</kw>
<kw name="Append To List" library="Collections">
<arg>${ClickableCartElements}</arg>
<arg>${eachProductLocator}</arg>
<doc>Adds ``values`` to the end of ``list``.</doc>
<status status="PASS" starttime="20230418 09:00:42.645" endtime="20230418 09:00:42.646"/>
</kw>
<status status="PASS" starttime="20230418 09:00:42.645" endtime="20230418 09:00:42.646"/>
</iter>
<iter>
<var name="${indexNo}">44</var>
<kw name="Get From List" library="Collections">
<var>${eachProductLocator}</var>
<arg>${addToCartElements}</arg>
<arg>${indexNo}</arg>
<doc>Returns the value specified with an ``index`` from ``list``.</doc>
<msg timestamp="20230418 09:00:42.646" level="INFO">${eachProductLocator} = &lt;selenium.webdriver.remote.webelement.WebElement (session="63c0dd06073aa775862ba4e5d0bb3ea8", element="ae1da1ad-f5aa-4f1c-9f1d-363642f7cf1c")&gt;</msg>
<status status="PASS" starttime="20230418 09:00:42.646" endtime="20230418 09:00:42.646"/>
</kw>
<kw name="Append To List" library="Collections">
<arg>${ClickableCartElements}</arg>
<arg>${eachProductLocator}</arg>
<doc>Adds ``values`` to the end of ``list``.</doc>
<status status="PASS" starttime="20230418 09:00:42.646" endtime="20230418 09:00:42.646"/>
</kw>
<status status="PASS" starttime="20230418 09:00:42.646" endtime="20230418 09:00:42.646"/>
</iter>
<iter>
<var name="${indexNo}">46</var>
<kw name="Get From List" library="Collections">
<var>${eachProductLocator}</var>
<arg>${addToCartElements}</arg>
<arg>${indexNo}</arg>
<doc>Returns the value specified with an ``index`` from ``list``.</doc>
<msg timestamp="20230418 09:00:42.646" level="INFO">${eachProductLocator} = &lt;selenium.webdriver.remote.webelement.WebElement (session="63c0dd06073aa775862ba4e5d0bb3ea8", element="ad857dd2-769f-4e7f-adb7-7fecbf1e6d79")&gt;</msg>
<status status="PASS" starttime="20230418 09:00:42.646" endtime="20230418 09:00:42.646"/>
</kw>
<kw name="Append To List" library="Collections">
<arg>${ClickableCartElements}</arg>
<arg>${eachProductLocator}</arg>
<doc>Adds ``values`` to the end of ``list``.</doc>
<status status="PASS" starttime="20230418 09:00:42.647" endtime="20230418 09:00:42.647"/>
</kw>
<status status="PASS" starttime="20230418 09:00:42.646" endtime="20230418 09:00:42.647"/>
</iter>
<iter>
<var name="${indexNo}">48</var>
<kw name="Get From List" library="Collections">
<var>${eachProductLocator}</var>
<arg>${addToCartElements}</arg>
<arg>${indexNo}</arg>
<doc>Returns the value specified with an ``index`` from ``list``.</doc>
<msg timestamp="20230418 09:00:42.647" level="INFO">${eachProductLocator} = &lt;selenium.webdriver.remote.webelement.WebElement (session="63c0dd06073aa775862ba4e5d0bb3ea8", element="a6abcc8e-af14-4424-8402-4e380ee56d94")&gt;</msg>
<status status="PASS" starttime="20230418 09:00:42.647" endtime="20230418 09:00:42.647"/>
</kw>
<kw name="Append To List" library="Collections">
<arg>${ClickableCartElements}</arg>
<arg>${eachProductLocator}</arg>
<doc>Adds ``values`` to the end of ``list``.</doc>
<status status="PASS" starttime="20230418 09:00:42.647" endtime="20230418 09:00:42.647"/>
</kw>
<status status="PASS" starttime="20230418 09:00:42.647" endtime="20230418 09:00:42.647"/>
</iter>
<iter>
<var name="${indexNo}">50</var>
<kw name="Get From List" library="Collections">
<var>${eachProductLocator}</var>
<arg>${addToCartElements}</arg>
<arg>${indexNo}</arg>
<doc>Returns the value specified with an ``index`` from ``list``.</doc>
<msg timestamp="20230418 09:00:42.648" level="INFO">${eachProductLocator} = &lt;selenium.webdriver.remote.webelement.WebElement (session="63c0dd06073aa775862ba4e5d0bb3ea8", element="ec4b8b38-e002-457a-af6b-c5eab1e1ccb6")&gt;</msg>
<status status="PASS" starttime="20230418 09:00:42.647" endtime="20230418 09:00:42.648"/>
</kw>
<kw name="Append To List" library="Collections">
<arg>${ClickableCartElements}</arg>
<arg>${eachProductLocator}</arg>
<doc>Adds ``values`` to the end of ``list``.</doc>
<status status="PASS" starttime="20230418 09:00:42.648" endtime="20230418 09:00:42.648"/>
</kw>
<status status="PASS" starttime="20230418 09:00:42.647" endtime="20230418 09:00:42.648"/>
</iter>
<iter>
<var name="${indexNo}">52</var>
<kw name="Get From List" library="Collections">
<var>${eachProductLocator}</var>
<arg>${addToCartElements}</arg>
<arg>${indexNo}</arg>
<doc>Returns the value specified with an ``index`` from ``list``.</doc>
<msg timestamp="20230418 09:00:42.649" level="INFO">${eachProductLocator} = &lt;selenium.webdriver.remote.webelement.WebElement (session="63c0dd06073aa775862ba4e5d0bb3ea8", element="bc49a10d-f7e4-40d3-b631-b46d8ddd565e")&gt;</msg>
<status status="PASS" starttime="20230418 09:00:42.648" endtime="20230418 09:00:42.649"/>
</kw>
<kw name="Append To List" library="Collections">
<arg>${ClickableCartElements}</arg>
<arg>${eachProductLocator}</arg>
<doc>Adds ``values`` to the end of ``list``.</doc>
<status status="PASS" starttime="20230418 09:00:42.649" endtime="20230418 09:00:42.649"/>
</kw>
<status status="PASS" starttime="20230418 09:00:42.648" endtime="20230418 09:00:42.649"/>
</iter>
<iter>
<var name="${indexNo}">54</var>
<kw name="Get From List" library="Collections">
<var>${eachProductLocator}</var>
<arg>${addToCartElements}</arg>
<arg>${indexNo}</arg>
<doc>Returns the value specified with an ``index`` from ``list``.</doc>
<msg timestamp="20230418 09:00:42.650" level="INFO">${eachProductLocator} = &lt;selenium.webdriver.remote.webelement.WebElement (session="63c0dd06073aa775862ba4e5d0bb3ea8", element="198a9238-fe10-4eb0-9c27-a739fc62ef69")&gt;</msg>
<status status="PASS" starttime="20230418 09:00:42.649" endtime="20230418 09:00:42.650"/>
</kw>
<kw name="Append To List" library="Collections">
<arg>${ClickableCartElements}</arg>
<arg>${eachProductLocator}</arg>
<doc>Adds ``values`` to the end of ``list``.</doc>
<status status="PASS" starttime="20230418 09:00:42.650" endtime="20230418 09:00:42.650"/>
</kw>
<status status="PASS" starttime="20230418 09:00:42.649" endtime="20230418 09:00:42.650"/>
</iter>
<iter>
<var name="${indexNo}">56</var>
<kw name="Get From List" library="Collections">
<var>${eachProductLocator}</var>
<arg>${addToCartElements}</arg>
<arg>${indexNo}</arg>
<doc>Returns the value specified with an ``index`` from ``list``.</doc>
<msg timestamp="20230418 09:00:42.651" level="INFO">${eachProductLocator} = &lt;selenium.webdriver.remote.webelement.WebElement (session="63c0dd06073aa775862ba4e5d0bb3ea8", element="8b35954d-32e1-4c12-9c3b-ae91182dafce")&gt;</msg>
<status status="PASS" starttime="20230418 09:00:42.651" endtime="20230418 09:00:42.651"/>
</kw>
<kw name="Append To List" library="Collections">
<arg>${ClickableCartElements}</arg>
<arg>${eachProductLocator}</arg>
<doc>Adds ``values`` to the end of ``list``.</doc>
<status status="PASS" starttime="20230418 09:00:42.651" endtime="20230418 09:00:42.651"/>
</kw>
<status status="PASS" starttime="20230418 09:00:42.650" endtime="20230418 09:00:42.651"/>
</iter>
<iter>
<var name="${indexNo}">58</var>
<kw name="Get From List" library="Collections">
<var>${eachProductLocator}</var>
<arg>${addToCartElements}</arg>
<arg>${indexNo}</arg>
<doc>Returns the value specified with an ``index`` from ``list``.</doc>
<msg timestamp="20230418 09:00:42.651" level="INFO">${eachProductLocator} = &lt;selenium.webdriver.remote.webelement.WebElement (session="63c0dd06073aa775862ba4e5d0bb3ea8", element="70be97a6-636e-42a3-b7a6-5a76353842cb")&gt;</msg>
<status status="PASS" starttime="20230418 09:00:42.651" endtime="20230418 09:00:42.651"/>
</kw>
<kw name="Append To List" library="Collections">
<arg>${ClickableCartElements}</arg>
<arg>${eachProductLocator}</arg>
<doc>Adds ``values`` to the end of ``list``.</doc>
<status status="PASS" starttime="20230418 09:00:42.651" endtime="20230418 09:00:42.651"/>
</kw>
<status status="PASS" starttime="20230418 09:00:42.651" endtime="20230418 09:00:42.651"/>
</iter>
<iter>
<var name="${indexNo}">60</var>
<kw name="Get From List" library="Collections">
<var>${eachProductLocator}</var>
<arg>${addToCartElements}</arg>
<arg>${indexNo}</arg>
<doc>Returns the value specified with an ``index`` from ``list``.</doc>
<msg timestamp="20230418 09:00:42.652" level="INFO">${eachProductLocator} = &lt;selenium.webdriver.remote.webelement.WebElement (session="63c0dd06073aa775862ba4e5d0bb3ea8", element="586033d3-0a88-46f8-9930-d5accfe81602")&gt;</msg>
<status status="PASS" starttime="20230418 09:00:42.652" endtime="20230418 09:00:42.652"/>
</kw>
<kw name="Append To List" library="Collections">
<arg>${ClickableCartElements}</arg>
<arg>${eachProductLocator}</arg>
<doc>Adds ``values`` to the end of ``list``.</doc>
<status status="PASS" starttime="20230418 09:00:42.652" endtime="20230418 09:00:42.652"/>
</kw>
<status status="PASS" starttime="20230418 09:00:42.652" endtime="20230418 09:00:42.652"/>
</iter>
<iter>
<var name="${indexNo}">62</var>
<kw name="Get From List" library="Collections">
<var>${eachProductLocator}</var>
<arg>${addToCartElements}</arg>
<arg>${indexNo}</arg>
<doc>Returns the value specified with an ``index`` from ``list``.</doc>
<msg timestamp="20230418 09:00:42.652" level="INFO">${eachProductLocator} = &lt;selenium.webdriver.remote.webelement.WebElement (session="63c0dd06073aa775862ba4e5d0bb3ea8", element="19326011-35f6-436f-b3a7-d5f120089141")&gt;</msg>
<status status="PASS" starttime="20230418 09:00:42.652" endtime="20230418 09:00:42.652"/>
</kw>
<kw name="Append To List" library="Collections">
<arg>${ClickableCartElements}</arg>
<arg>${eachProductLocator}</arg>
<doc>Adds ``values`` to the end of ``list``.</doc>
<status status="PASS" starttime="20230418 09:00:42.652" endtime="20230418 09:00:42.653"/>
</kw>
<status status="PASS" starttime="20230418 09:00:42.652" endtime="20230418 09:00:42.653"/>
</iter>
<iter>
<var name="${indexNo}">64</var>
<kw name="Get From List" library="Collections">
<var>${eachProductLocator}</var>
<arg>${addToCartElements}</arg>
<arg>${indexNo}</arg>
<doc>Returns the value specified with an ``index`` from ``list``.</doc>
<msg timestamp="20230418 09:00:42.653" level="INFO">${eachProductLocator} = &lt;selenium.webdriver.remote.webelement.WebElement (session="63c0dd06073aa775862ba4e5d0bb3ea8", element="ef35b965-1254-43a1-b64c-2d865030a833")&gt;</msg>
<status status="PASS" starttime="20230418 09:00:42.653" endtime="20230418 09:00:42.653"/>
</kw>
<kw name="Append To List" library="Collections">
<arg>${ClickableCartElements}</arg>
<arg>${eachProductLocator}</arg>
<doc>Adds ``values`` to the end of ``list``.</doc>
<status status="PASS" starttime="20230418 09:00:42.653" endtime="20230418 09:00:42.653"/>
</kw>
<status status="PASS" starttime="20230418 09:00:42.653" endtime="20230418 09:00:42.653"/>
</iter>
<iter>
<var name="${indexNo}">66</var>
<kw name="Get From List" library="Collections">
<var>${eachProductLocator}</var>
<arg>${addToCartElements}</arg>
<arg>${indexNo}</arg>
<doc>Returns the value specified with an ``index`` from ``list``.</doc>
<msg timestamp="20230418 09:00:42.653" level="INFO">${eachProductLocator} = &lt;selenium.webdriver.remote.webelement.WebElement (session="63c0dd06073aa775862ba4e5d0bb3ea8", element="cbbbf4e0-3186-4df6-9e8d-254733e4353d")&gt;</msg>
<status status="PASS" starttime="20230418 09:00:42.653" endtime="20230418 09:00:42.653"/>
</kw>
<kw name="Append To List" library="Collections">
<arg>${ClickableCartElements}</arg>
<arg>${eachProductLocator}</arg>
<doc>Adds ``values`` to the end of ``list``.</doc>
<status status="PASS" starttime="20230418 09:00:42.653" endtime="20230418 09:00:42.654"/>
</kw>
<status status="PASS" starttime="20230418 09:00:42.653" endtime="20230418 09:00:42.654"/>
</iter>
<iter>
<var name="${indexNo}">68</var>
<kw name="Get From List" library="Collections">
<var>${eachProductLocator}</var>
<arg>${addToCartElements}</arg>
<arg>${indexNo}</arg>
<doc>Returns the value specified with an ``index`` from ``list``.</doc>
<msg timestamp="20230418 09:00:42.654" level="INFO">${eachProductLocator} = &lt;selenium.webdriver.remote.webelement.WebElement (session="63c0dd06073aa775862ba4e5d0bb3ea8", element="dc4cf4dc-4610-417a-8acc-c6d2d5af8f28")&gt;</msg>
<status status="PASS" starttime="20230418 09:00:42.654" endtime="20230418 09:00:42.654"/>
</kw>
<kw name="Append To List" library="Collections">
<arg>${ClickableCartElements}</arg>
<arg>${eachProductLocator}</arg>
<doc>Adds ``values`` to the end of ``list``.</doc>
<status status="PASS" starttime="20230418 09:00:42.654" endtime="20230418 09:00:42.654"/>
</kw>
<status status="PASS" starttime="20230418 09:00:42.654" endtime="20230418 09:00:42.654"/>
</iter>
<iter>
<var name="${indexNo}">70</var>
<kw name="Get From List" library="Collections">
<var>${eachProductLocator}</var>
<arg>${addToCartElements}</arg>
<arg>${indexNo}</arg>
<doc>Returns the value specified with an ``index`` from ``list``.</doc>
<msg timestamp="20230418 09:00:42.654" level="INFO">${eachProductLocator} = &lt;selenium.webdriver.remote.webelement.WebElement (session="63c0dd06073aa775862ba4e5d0bb3ea8", element="5dc8074f-d321-41c7-a303-1db1ca81b07e")&gt;</msg>
<status status="PASS" starttime="20230418 09:00:42.654" endtime="20230418 09:00:42.654"/>
</kw>
<kw name="Append To List" library="Collections">
<arg>${ClickableCartElements}</arg>
<arg>${eachProductLocator}</arg>
<doc>Adds ``values`` to the end of ``list``.</doc>
<status status="PASS" starttime="20230418 09:00:42.654" endtime="20230418 09:00:42.655"/>
</kw>
<status status="PASS" starttime="20230418 09:00:42.654" endtime="20230418 09:00:42.655"/>
</iter>
<iter>
<var name="${indexNo}">72</var>
<kw name="Get From List" library="Collections">
<var>${eachProductLocator}</var>
<arg>${addToCartElements}</arg>
<arg>${indexNo}</arg>
<doc>Returns the value specified with an ``index`` from ``list``.</doc>
<msg timestamp="20230418 09:00:42.655" level="INFO">${eachProductLocator} = &lt;selenium.webdriver.remote.webelement.WebElement (session="63c0dd06073aa775862ba4e5d0bb3ea8", element="ba4bfe51-5466-4c70-9ddb-f8a422c91a9e")&gt;</msg>
<status status="PASS" starttime="20230418 09:00:42.655" endtime="20230418 09:00:42.655"/>
</kw>
<kw name="Append To List" library="Collections">
<arg>${ClickableCartElements}</arg>
<arg>${eachProductLocator}</arg>
<doc>Adds ``values`` to the end of ``list``.</doc>
<status status="PASS" starttime="20230418 09:00:42.655" endtime="20230418 09:00:42.655"/>
</kw>
<status status="PASS" starttime="20230418 09:00:42.655" endtime="20230418 09:00:42.655"/>
</iter>
<status status="PASS" starttime="20230418 09:00:42.633" endtime="20230418 09:00:42.655"/>
</for>
<kw name="Log To Console" library="BuiltIn">
<arg>${CartElementsLength}</arg>
<doc>Logs the given message to the console.</doc>
<status status="PASS" starttime="20230418 09:00:42.655" endtime="20230418 09:00:42.655"/>
</kw>
<kw name="Get Length" library="BuiltIn">
<var>${g}</var>
<arg>${ClickableCartElements}</arg>
<doc>Returns and logs the length of the given item as an integer.</doc>
<msg timestamp="20230418 09:00:42.656" level="INFO">Length is 37</msg>
<msg timestamp="20230418 09:00:42.656" level="INFO">${g} = 37</msg>
<status status="PASS" starttime="20230418 09:00:42.656" endtime="20230418 09:00:42.656"/>
</kw>
<kw name="Create List" library="BuiltIn">
<var>${os}</var>
<doc>Returns a list containing given items.</doc>
<msg timestamp="20230418 09:00:42.656" level="INFO">${os} = []</msg>
<status status="PASS" starttime="20230418 09:00:42.656" endtime="20230418 09:00:42.656"/>
</kw>
<for flavor="IN RANGE">
<var>${counter}</var>
<value>0</value>
<value>5</value>
<value>1</value>
<iter>
<var name="${counter}">0</var>
<kw name="Random Int" library="FakerLibrary">
<var>${randomNumber}</var>
<arg>1</arg>
<arg>33</arg>
<doc>Generate a random integer between two integers ``min`` and ``max`` inclusive
while observing the provided ``step`` value.</doc>
<msg timestamp="20230418 09:00:42.656" level="INFO">${randomNumber} = 15</msg>
<status status="PASS" starttime="20230418 09:00:42.656" endtime="20230418 09:00:42.656"/>
</kw>
<kw name="Get From List" library="Collections">
<var>${randomProduct}</var>
<arg>${ClickableCartElements}</arg>
<arg>${randomNumber}</arg>
<doc>Returns the value specified with an ``index`` from ``list``.</doc>
<msg timestamp="20230418 09:00:42.657" level="INFO">${randomProduct} = &lt;selenium.webdriver.remote.webelement.WebElement (session="63c0dd06073aa775862ba4e5d0bb3ea8", element="51361d71-1667-44d4-9e3d-9ff4dff7c29a")&gt;</msg>
<status status="PASS" starttime="20230418 09:00:42.656" endtime="20230418 09:00:42.657"/>
</kw>
<kw name="Click Element" library="SeleniumLibrary">
<arg>${randomProduct}</arg>
<doc>Click the element identified by ``locator``.</doc>
<msg timestamp="20230418 09:00:42.657" level="INFO">Clicking element '&lt;selenium.webdriver.remote.webelement.WebElement (session="63c0dd06073aa775862ba4e5d0bb3ea8", element="51361d71-1667-44d4-9e3d-9ff4dff7c29a")&gt;'.</msg>
<status status="PASS" starttime="20230418 09:00:42.657" endtime="20230418 09:00:43.749"/>
</kw>
<kw name="Click Element" library="SeleniumLibrary">
<arg>${continueShopping}</arg>
<doc>Click the element identified by ``locator``.</doc>
<msg timestamp="20230418 09:00:43.749" level="INFO">Clicking element '//button[@class='btn btn-success close-modal btn-block']'.</msg>
<status status="PASS" starttime="20230418 09:00:43.749" endtime="20230418 09:00:45.790"/>
</kw>
<kw name="Append To List" library="Collections">
<arg>${os}</arg>
<arg>${randomNumber}</arg>
<doc>Adds ``values`` to the end of ``list``.</doc>
<status status="PASS" starttime="20230418 09:00:45.790" endtime="20230418 09:00:45.790"/>
</kw>
<status status="PASS" starttime="20230418 09:00:42.656" endtime="20230418 09:00:45.790"/>
</iter>
<iter>
<var name="${counter}">1</var>
<kw name="Random Int" library="FakerLibrary">
<var>${randomNumber}</var>
<arg>1</arg>
<arg>33</arg>
<doc>Generate a random integer between two integers ``min`` and ``max`` inclusive
while observing the provided ``step`` value.</doc>
<msg timestamp="20230418 09:00:45.790" level="INFO">${randomNumber} = 6</msg>
<status status="PASS" starttime="20230418 09:00:45.790" endtime="20230418 09:00:45.790"/>
</kw>
<kw name="Get From List" library="Collections">
<var>${randomProduct}</var>
<arg>${ClickableCartElements}</arg>
<arg>${randomNumber}</arg>
<doc>Returns the value specified with an ``index`` from ``list``.</doc>
<msg timestamp="20230418 09:00:45.791" level="INFO">${randomProduct} = &lt;selenium.webdriver.remote.webelement.WebElement (session="63c0dd06073aa775862ba4e5d0bb3ea8", element="c153106b-3c11-4b86-8b5b-f666372d1d56")&gt;</msg>
<status status="PASS" starttime="20230418 09:00:45.791" endtime="20230418 09:00:45.791"/>
</kw>
<kw name="Click Element" library="SeleniumLibrary">
<arg>${randomProduct}</arg>
<doc>Click the element identified by ``locator``.</doc>
<msg timestamp="20230418 09:00:45.792" level="INFO">Clicking element '&lt;selenium.webdriver.remote.webelement.WebElement (session="63c0dd06073aa775862ba4e5d0bb3ea8", element="c153106b-3c11-4b86-8b5b-f666372d1d56")&gt;'.</msg>
<status status="PASS" starttime="20230418 09:00:45.791" endtime="20230418 09:00:46.821"/>
</kw>
<kw name="Click Element" library="SeleniumLibrary">
<arg>${continueShopping}</arg>
<doc>Click the element identified by ``locator``.</doc>
<msg timestamp="20230418 09:00:46.821" level="INFO">Clicking element '//button[@class='btn btn-success close-modal btn-block']'.</msg>
<status status="PASS" starttime="20230418 09:00:46.821" endtime="20230418 09:00:48.848"/>
</kw>
<kw name="Append To List" library="Collections">
<arg>${os}</arg>
<arg>${randomNumber}</arg>
<doc>Adds ``values`` to the end of ``list``.</doc>
<status status="PASS" starttime="20230418 09:00:48.848" endtime="20230418 09:00:48.848"/>
</kw>
<status status="PASS" starttime="20230418 09:00:45.790" endtime="20230418 09:00:48.848"/>
</iter>
<iter>
<var name="${counter}">2</var>
<kw name="Random Int" library="FakerLibrary">
<var>${randomNumber}</var>
<arg>1</arg>
<arg>33</arg>
<doc>Generate a random integer between two integers ``min`` and ``max`` inclusive
while observing the provided ``step`` value.</doc>
<msg timestamp="20230418 09:00:48.848" level="INFO">${randomNumber} = 29</msg>
<status status="PASS" starttime="20230418 09:00:48.848" endtime="20230418 09:00:48.848"/>
</kw>
<kw name="Get From List" library="Collections">
<var>${randomProduct}</var>
<arg>${ClickableCartElements}</arg>
<arg>${randomNumber}</arg>
<doc>Returns the value specified with an ``index`` from ``list``.</doc>
<msg timestamp="20230418 09:00:48.848" level="INFO">${randomProduct} = &lt;selenium.webdriver.remote.webelement.WebElement (session="63c0dd06073aa775862ba4e5d0bb3ea8", element="70be97a6-636e-42a3-b7a6-5a76353842cb")&gt;</msg>
<status status="PASS" starttime="20230418 09:00:48.848" endtime="20230418 09:00:48.848"/>
</kw>
<kw name="Click Element" library="SeleniumLibrary">
<arg>${randomProduct}</arg>
<doc>Click the element identified by ``locator``.</doc>
<msg timestamp="20230418 09:00:48.848" level="INFO">Clicking element '&lt;selenium.webdriver.remote.webelement.WebElement (session="63c0dd06073aa775862ba4e5d0bb3ea8", element="70be97a6-636e-42a3-b7a6-5a76353842cb")&gt;'.</msg>
<status status="PASS" starttime="20230418 09:00:48.848" endtime="20230418 09:00:50.034"/>
</kw>
<kw name="Click Element" library="SeleniumLibrary">
<arg>${continueShopping}</arg>
<doc>Click the element identified by ``locator``.</doc>
<msg timestamp="20230418 09:00:50.034" level="INFO">Clicking element '//button[@class='btn btn-success close-modal btn-block']'.</msg>
<status status="PASS" starttime="20230418 09:00:50.034" endtime="20230418 09:00:52.068"/>
</kw>
<kw name="Append To List" library="Collections">
<arg>${os}</arg>
<arg>${randomNumber}</arg>
<doc>Adds ``values`` to the end of ``list``.</doc>
<status status="PASS" starttime="20230418 09:00:52.068" endtime="20230418 09:00:52.068"/>
</kw>
<status status="PASS" starttime="20230418 09:00:48.848" endtime="20230418 09:00:52.068"/>
</iter>
<iter>
<var name="${counter}">3</var>
<kw name="Random Int" library="FakerLibrary">
<var>${randomNumber}</var>
<arg>1</arg>
<arg>33</arg>
<doc>Generate a random integer between two integers ``min`` and ``max`` inclusive
while observing the provided ``step`` value.</doc>
<msg timestamp="20230418 09:00:52.068" level="INFO">${randomNumber} = 12</msg>
<status status="PASS" starttime="20230418 09:00:52.068" endtime="20230418 09:00:52.068"/>
</kw>
<kw name="Get From List" library="Collections">
<var>${randomProduct}</var>
<arg>${ClickableCartElements}</arg>
<arg>${randomNumber}</arg>
<doc>Returns the value specified with an ``index`` from ``list``.</doc>
<msg timestamp="20230418 09:00:52.068" level="INFO">${randomProduct} = &lt;selenium.webdriver.remote.webelement.WebElement (session="63c0dd06073aa775862ba4e5d0bb3ea8", element="ddef77b5-fce0-4e99-b323-c62c37da55ef")&gt;</msg>
<status status="PASS" starttime="20230418 09:00:52.068" endtime="20230418 09:00:52.068"/>
</kw>
<kw name="Click Element" library="SeleniumLibrary">
<arg>${randomProduct}</arg>
<doc>Click the element identified by ``locator``.</doc>
<msg timestamp="20230418 09:00:52.068" level="INFO">Clicking element '&lt;selenium.webdriver.remote.webelement.WebElement (session="63c0dd06073aa775862ba4e5d0bb3ea8", element="ddef77b5-fce0-4e99-b323-c62c37da55ef")&gt;'.</msg>
<status status="PASS" starttime="20230418 09:00:52.068" endtime="20230418 09:00:53.096"/>
</kw>
<kw name="Click Element" library="SeleniumLibrary">
<arg>${continueShopping}</arg>
<doc>Click the element identified by ``locator``.</doc>
<msg timestamp="20230418 09:00:53.097" level="INFO">Clicking element '//button[@class='btn btn-success close-modal btn-block']'.</msg>
<status status="PASS" starttime="20230418 09:00:53.096" endtime="20230418 09:00:55.138"/>
</kw>
<kw name="Append To List" library="Collections">
<arg>${os}</arg>
<arg>${randomNumber}</arg>
<doc>Adds ``values`` to the end of ``list``.</doc>
<status status="PASS" starttime="20230418 09:00:55.138" endtime="20230418 09:00:55.138"/>
</kw>
<status status="PASS" starttime="20230418 09:00:52.068" endtime="20230418 09:00:55.138"/>
</iter>
<iter>
<var name="${counter}">4</var>
<kw name="Random Int" library="FakerLibrary">
<var>${randomNumber}</var>
<arg>1</arg>
<arg>33</arg>
<doc>Generate a random integer between two integers ``min`` and ``max`` inclusive
while observing the provided ``step`` value.</doc>
<msg timestamp="20230418 09:00:55.138" level="INFO">${randomNumber} = 22</msg>
<status status="PASS" starttime="20230418 09:00:55.138" endtime="20230418 09:00:55.138"/>
</kw>
<kw name="Get From List" library="Collections">
<var>${randomProduct}</var>
<arg>${ClickableCartElements}</arg>
<arg>${randomNumber}</arg>
<doc>Returns the value specified with an ``index`` from ``list``.</doc>
<msg timestamp="20230418 09:00:55.139" level="INFO">${randomProduct} = &lt;selenium.webdriver.remote.webelement.WebElement (session="63c0dd06073aa775862ba4e5d0bb3ea8", element="ae1da1ad-f5aa-4f1c-9f1d-363642f7cf1c")&gt;</msg>
<status status="PASS" starttime="20230418 09:00:55.139" endtime="20230418 09:00:55.139"/>
</kw>
<kw name="Click Element" library="SeleniumLibrary">
<arg>${randomProduct}</arg>
<doc>Click the element identified by ``locator``.</doc>
<msg timestamp="20230418 09:00:55.139" level="INFO">Clicking element '&lt;selenium.webdriver.remote.webelement.WebElement (session="63c0dd06073aa775862ba4e5d0bb3ea8", element="ae1da1ad-f5aa-4f1c-9f1d-363642f7cf1c")&gt;'.</msg>
<status status="PASS" starttime="20230418 09:00:55.139" endtime="20230418 09:00:56.175"/>
</kw>
<kw name="Click Element" library="SeleniumLibrary">
<arg>${continueShopping}</arg>
<doc>Click the element identified by ``locator``.</doc>
<msg timestamp="20230418 09:00:56.175" level="INFO">Clicking element '//button[@class='btn btn-success close-modal btn-block']'.</msg>
<status status="PASS" starttime="20230418 09:00:56.175" endtime="20230418 09:00:58.201"/>
</kw>
<kw name="Append To List" library="Collections">
<arg>${os}</arg>
<arg>${randomNumber}</arg>
<doc>Adds ``values`` to the end of ``list``.</doc>
<status status="PASS" starttime="20230418 09:00:58.201" endtime="20230418 09:00:58.201"/>
</kw>
<status status="PASS" starttime="20230418 09:00:55.138" endtime="20230418 09:00:58.201"/>
</iter>
<status status="PASS" starttime="20230418 09:00:42.656" endtime="20230418 09:00:58.201"/>
</for>
<kw name="Set Selenium Speed" library="SeleniumLibrary">
<arg>0</arg>
<doc>Sets the delay that is waited after each Selenium command.</doc>
<status status="PASS" starttime="20230418 09:00:58.201" endtime="20230418 09:00:58.201"/>
</kw>
<kw name="Click Element" library="SeleniumLibrary">
<arg>${goToCart}</arg>
<doc>Click the element identified by ``locator``.</doc>
<msg timestamp="20230418 09:00:58.202" level="INFO">Clicking element '(//a[@href='/view_cart'])[1]'.</msg>
<status status="PASS" starttime="20230418 09:00:58.201" endtime="20230418 09:01:01.615"/>
</kw>
<kw name="Element Text Should Be" library="SeleniumLibrary">
<arg>${ShoppingCart}</arg>
<arg>Shopping Cart</arg>
<doc>Verifies that element ``locator`` contains exact the text ``expected``.</doc>
<msg timestamp="20230418 09:01:01.618" level="INFO">Verifying element '//li[@class='active']' contains exact text 'Shopping Cart'.</msg>
<status status="PASS" starttime="20230418 09:01:01.616" endtime="20230418 09:01:01.662"/>
</kw>
<kw name="Log To Console" library="BuiltIn">
<arg>${os}</arg>
<doc>Logs the given message to the console.</doc>
<status status="PASS" starttime="20230418 09:01:01.662" endtime="20230418 09:01:01.663"/>
</kw>
<status status="PASS" starttime="20230418 09:00:42.617" endtime="20230418 09:01:01.663"/>
</kw>
<kw name="Verify Account created">
<kw name="Click Element" library="SeleniumLibrary">
<arg>${ProceedToCheckout}</arg>
<doc>Click the element identified by ``locator``.</doc>
<msg timestamp="20230418 09:01:01.664" level="INFO">Clicking element '//a[@class='btn btn-default check_out']'.</msg>
<status status="PASS" starttime="20230418 09:01:01.663" endtime="20230418 09:01:01.731"/>
</kw>
<kw name="Click Element" library="SeleniumLibrary">
<arg>${RegisterLoginOnCheckoutPopup}</arg>
<doc>Click the element identified by ``locator``.</doc>
<msg timestamp="20230418 09:01:01.732" level="INFO">Clicking element '(//a[@href='/login'])[2]'.</msg>
<status status="PASS" starttime="20230418 09:01:01.731" endtime="20230418 09:01:03.339"/>
</kw>
<kw name="First Name Female" library="FakerLibrary">
<var>${Name}</var>
<msg timestamp="20230418 09:01:03.339" level="INFO">${Name} = Kim</msg>
<status status="PASS" starttime="20230418 09:01:03.339" endtime="20230418 09:01:03.339"/>
</kw>
<kw name="Last Name" library="FakerLibrary">
<var>${ab}</var>
<msg timestamp="20230418 09:01:03.340" level="INFO">${ab} = Decker</msg>
<status status="PASS" starttime="20230418 09:01:03.339" endtime="20230418 09:01:03.340"/>
</kw>
<kw name="Email" library="FakerLibrary">
<var>${b}</var>
<msg timestamp="20230418 09:01:03.340" level="INFO">${b} = shannon71@example.com</msg>
<status status="PASS" starttime="20230418 09:01:03.340" endtime="20230418 09:01:03.340"/>
</kw>
<kw name="Input Text" library="SeleniumLibrary">
<arg>name</arg>
<arg>${Name}</arg>
<doc>Types the given ``text`` into the text field identified by ``locator``.</doc>
<msg timestamp="20230418 09:01:03.341" level="INFO">Typing text 'Kim' into text field 'name'.</msg>
<status status="PASS" starttime="20230418 09:01:03.340" endtime="20230418 09:01:03.436"/>
</kw>
<kw name="Input Text" library="SeleniumLibrary">
<arg>${SignupEmailBox}</arg>
<arg>${b}</arg>
<doc>Types the given ``text`` into the text field identified by ``locator``.</doc>
<msg timestamp="20230418 09:01:03.436" level="INFO">Typing text 'shannon71@example.com' into text field '//*[@data-qa='signup-email']'.</msg>
<status status="PASS" starttime="20230418 09:01:03.436" endtime="20230418 09:01:03.511"/>
</kw>
<kw name="Click Button" library="SeleniumLibrary">
<arg>Signup</arg>
<doc>Clicks the button identified by ``locator``.</doc>
<msg timestamp="20230418 09:01:03.512" level="INFO">Clicking button 'Signup'.</msg>
<status status="PASS" starttime="20230418 09:01:03.511" endtime="20230418 09:01:05.961"/>
</kw>
<kw name="Click Element" library="SeleniumLibrary">
<arg>${idGender}</arg>
<doc>Click the element identified by ``locator``.</doc>
<msg timestamp="20230418 09:01:05.962" level="INFO">Clicking element 'id:uniform-id_gender2'.</msg>
<status status="PASS" starttime="20230418 09:01:05.961" endtime="20230418 09:01:06.015"/>
</kw>
<kw name="Password" library="FakerLibrary">
<var>${c}</var>
<doc>Generate a random password of the specified ``length``.</doc>
<msg timestamp="20230418 09:01:06.016" level="INFO">${c} = mv4AIxs0o*</msg>
<status status="PASS" starttime="20230418 09:01:06.016" endtime="20230418 09:01:06.016"/>
</kw>
<kw name="Input Text" library="SeleniumLibrary">
<arg>password</arg>
<arg>${c}</arg>
<doc>Types the given ``text`` into the text field identified by ``locator``.</doc>
<msg timestamp="20230418 09:01:06.017" level="INFO">Typing text 'mv4AIxs0o*' into text field 'password'.</msg>
<status status="PASS" starttime="20230418 09:01:06.016" endtime="20230418 09:01:06.156"/>
</kw>
<kw name="Select From List By Index" library="SeleniumLibrary">
<arg>days</arg>
<arg>10</arg>
<doc>Selects options from selection list ``locator`` by ``indexes``.</doc>
<msg timestamp="20230418 09:01:06.157" level="INFO">Selecting options from selection list 'days' by index 10.</msg>
<status status="PASS" starttime="20230418 09:01:06.156" endtime="20230418 09:01:06.299"/>
</kw>
<kw name="Select From List By Index" library="SeleniumLibrary">
<arg>months</arg>
<arg>1</arg>
<doc>Selects options from selection list ``locator`` by ``indexes``.</doc>
<msg timestamp="20230418 09:01:06.300" level="INFO">Selecting options from selection list 'months' by index 1.</msg>
<status status="PASS" starttime="20230418 09:01:06.300" endtime="20230418 09:01:06.377"/>
</kw>
<kw name="Select From List By Value" library="SeleniumLibrary">
<arg>years</arg>
<arg>1980</arg>
<doc>Selects options from selection list ``locator`` by ``values``.</doc>
<msg timestamp="20230418 09:01:06.378" level="INFO">Selecting options from selection list 'years' by value 1980.</msg>
<status status="PASS" starttime="20230418 09:01:06.377" endtime="20230418 09:01:06.442"/>
</kw>
<kw name="Input Text" library="SeleniumLibrary">
<arg>first_name</arg>
<arg>${Name}</arg>
<doc>Types the given ``text`` into the text field identified by ``locator``.</doc>
<msg timestamp="20230418 09:01:06.443" level="INFO">Typing text 'Kim' into text field 'first_name'.</msg>
<status status="PASS" starttime="20230418 09:01:06.442" endtime="20230418 09:01:06.549"/>
</kw>
<kw name="Input Text" library="SeleniumLibrary">
<arg>last_name</arg>
<arg>${ab}</arg>
<doc>Types the given ``text`` into the text field identified by ``locator``.</doc>
<msg timestamp="20230418 09:01:06.550" level="INFO">Typing text 'Decker' into text field 'last_name'.</msg>
<status status="PASS" starttime="20230418 09:01:06.549" endtime="20230418 09:01:06.655"/>
</kw>
<kw name="Street Address" library="FakerLibrary">
<var>${street}</var>
<doc>:example: '791 Crist Parks'</doc>
<msg timestamp="20230418 09:01:06.656" level="INFO">${street} = 783 Ronald Ways Suite 736</msg>
<status status="PASS" starttime="20230418 09:01:06.655" endtime="20230418 09:01:06.656"/>
</kw>
<kw name="Input Text" library="SeleniumLibrary">
<arg>address1</arg>
<arg>${street}</arg>
<doc>Types the given ``text`` into the text field identified by ``locator``.</doc>
<msg timestamp="20230418 09:01:06.656" level="INFO">Typing text '783 Ronald Ways Suite 736' into text field 'address1'.</msg>
<status status="PASS" starttime="20230418 09:01:06.656" endtime="20230418 09:01:06.755"/>
</kw>
<kw name="Select From List By Index" library="SeleniumLibrary">
<arg>country</arg>
<arg>5</arg>
<doc>Selects options from selection list ``locator`` by ``indexes``.</doc>
<msg timestamp="20230418 09:01:06.756" level="INFO">Selecting options from selection list 'country' by index 5.</msg>
<status status="PASS" starttime="20230418 09:01:06.756" endtime="20230418 09:01:06.931"/>
</kw>
<kw name="Input Text" library="SeleniumLibrary">
<arg>state</arg>
<arg>Gaziantep</arg>
<doc>Types the given ``text`` into the text field identified by ``locator``.</doc>
<msg timestamp="20230418 09:01:06.931" level="INFO">Typing text 'Gaziantep' into text field 'state'.</msg>
<status status="PASS" starttime="20230418 09:01:06.931" endtime="20230418 09:01:07.003"/>
</kw>
<kw name="Input Text" library="SeleniumLibrary">
<arg>city</arg>
<arg>Körkun</arg>
<doc>Types the given ``text`` into the text field identified by ``locator``.</doc>
<msg timestamp="20230418 09:01:07.004" level="INFO">Typing text 'Körkun' into text field 'city'.</msg>
<status status="PASS" starttime="20230418 09:01:07.004" endtime="20230418 09:01:07.081"/>
</kw>
<kw name="Input Text" library="SeleniumLibrary">
<arg>zipcode</arg>
<arg>27000</arg>
<doc>Types the given ``text`` into the text field identified by ``locator``.</doc>
<msg timestamp="20230418 09:01:07.082" level="INFO">Typing text '27000' into text field 'zipcode'.</msg>
<status status="PASS" starttime="20230418 09:01:07.081" endtime="20230418 09:01:07.162"/>
</kw>
<kw name="Input Text" library="SeleniumLibrary">
<arg>mobile_number</arg>
<arg>+905418585525</arg>
<doc>Types the given ``text`` into the text field identified by ``locator``.</doc>
<msg timestamp="20230418 09:01:07.163" level="INFO">Typing text '+905418585525' into text field 'mobile_number'.</msg>
<status status="PASS" starttime="20230418 09:01:07.162" endtime="20230418 09:01:07.261"/>
</kw>
<kw name="Execute Javascript" library="SeleniumLibrary">
<arg>window.scrollTo(0, 1400);</arg>
<doc>Executes the given JavaScript code with possible arguments.</doc>
<msg timestamp="20230418 09:01:07.261" level="INFO">Executing JavaScript:
window.scrollTo(0, 1400);
Without any arguments.</msg>
<status status="PASS" starttime="20230418 09:01:07.261" endtime="20230418 09:01:07.264"/>
</kw>
<kw name="Log Location" library="SeleniumLibrary">
<var>${Cr}</var>
<doc>Logs and returns the current browser window URL.</doc>
<msg timestamp="20230418 09:01:07.271" level="INFO">https://automationexercise.com/signup</msg>
<msg timestamp="20230418 09:01:07.271" level="INFO">${Cr} = https://automationexercise.com/signup</msg>
<status status="PASS" starttime="20230418 09:01:07.264" endtime="20230418 09:01:07.271"/>
</kw>
<kw name="Click Button" library="SeleniumLibrary">
<arg>${CreateAccountButton}</arg>
<doc>Clicks the button identified by ``locator``.</doc>
<msg timestamp="20230418 09:01:07.272" level="INFO">Clicking button '(//button[@type='submit'])[1]'.</msg>
<status status="PASS" starttime="20230418 09:01:07.271" endtime="20230418 09:01:09.374"/>
</kw>
<kw name="Wait Until Element Is Visible" library="SeleniumLibrary">
<arg>${AccountCreatedText}</arg>
<doc>Waits until the element ``locator`` is visible.</doc>
<status status="PASS" starttime="20230418 09:01:09.374" endtime="20230418 09:01:09.401"/>
</kw>
<kw name="Set Variable" library="BuiltIn">
<var>${expectedAccountCreatedText}</var>
<arg>ACCOUNT CREATED!</arg>
<doc>Returns the given values which can then be assigned to a variables.</doc>
<msg timestamp="20230418 09:01:09.401" level="INFO">${expectedAccountCreatedText} = ACCOUNT CREATED!</msg>
<status status="PASS" starttime="20230418 09:01:09.401" endtime="20230418 09:01:09.402"/>
</kw>
<kw name="Get Text" library="SeleniumLibrary">
<var>${ActualAccountCreatedText}</var>
<arg>${AccountCreatedText}</arg>
<doc>Returns the text value of the element identified by ``locator``.</doc>
<msg timestamp="20230418 09:01:09.448" level="INFO">${ActualAccountCreatedText} = ACCOUNT CREATED!</msg>
<status status="PASS" starttime="20230418 09:01:09.402" endtime="20230418 09:01:09.448"/>
</kw>
<kw name="Convert To Upper Case" library="String">
<var>${ActualAccountCreatedText}</var>
<arg>${ActualAccountCreatedText}</arg>
<doc>Converts string to upper case.</doc>
<msg timestamp="20230418 09:01:09.449" level="INFO">${ActualAccountCreatedText} = ACCOUNT CREATED!</msg>
<status status="PASS" starttime="20230418 09:01:09.449" endtime="20230418 09:01:09.449"/>
</kw>
<kw name="Log To Console" library="BuiltIn">
<arg>${ActualAccountCreatedText}</arg>
<doc>Logs the given message to the console.</doc>
<status status="PASS" starttime="20230418 09:01:09.449" endtime="20230418 09:01:09.450"/>
</kw>
<kw name="Element Should Contain" library="SeleniumLibrary">
<arg>${AccountCreatedText}</arg>
<arg>${expectedAccountCreatedText}</arg>
<doc>Verifies that element ``locator`` contains text ``expected``.</doc>
<msg timestamp="20230418 09:01:09.462" level="INFO">Element '//*[text()='Account Created!']' contains text 'ACCOUNT CREATED!'.</msg>
<status status="PASS" starttime="20230418 09:01:09.450" endtime="20230418 09:01:09.462"/>
</kw>
<kw name="Click Element" library="SeleniumLibrary">
<arg>${ContinueButton}</arg>
<doc>Click the element identified by ``locator``.</doc>
<msg timestamp="20230418 09:01:09.462" level="INFO">Clicking element '//*[@data-qa='continue-button']'.</msg>
<status status="PASS" starttime="20230418 09:01:09.462" endtime="20230418 09:01:09.515"/>
</kw>
<kw name="Run Keyword And Return Status" library="BuiltIn">
<var>${iframe1Statement}</var>
<arg>Element Should Be Visible</arg>
<arg>ad_iframe</arg>
<doc>Runs the given keyword with given arguments and returns the status as a Boolean value.</doc>
<kw name="Element Should Be Visible" library="SeleniumLibrary">
<arg>ad_iframe</arg>
<doc>Verifies that the element identified by ``locator`` is visible.</doc>
<msg timestamp="20230418 09:01:09.913" level="INFO" html="true">&lt;/td&gt;&lt;/tr&gt;&lt;tr&gt;&lt;td colspan="3"&gt;&lt;a href="selenium-screenshot-28.png"&gt;&lt;img src="selenium-screenshot-28.png" width="800px"&gt;&lt;/a&gt;</msg>
<msg timestamp="20230418 09:01:09.913" level="FAIL">Element with locator 'ad_iframe' not found.</msg>
<status status="FAIL" starttime="20230418 09:01:09.515" endtime="20230418 09:01:09.917"/>
</kw>
<msg timestamp="20230418 09:01:09.917" level="INFO">${iframe1Statement} = False</msg>
<status status="PASS" starttime="20230418 09:01:09.515" endtime="20230418 09:01:09.917"/>
</kw>
<if>
<branch type="IF" condition="${iframe1Statement}">
<kw name="Select Frame" library="SeleniumLibrary">
<arg>ad_iframe</arg>
<doc>Sets frame identified by ``locator`` as the current frame.</doc>
<status status="NOT RUN" starttime="20230418 09:01:09.917" endtime="20230418 09:01:09.917"/>
</kw>
<status status="NOT RUN" starttime="20230418 09:01:09.917" endtime="20230418 09:01:09.917"/>
</branch>
<status status="PASS" starttime="20230418 09:01:09.917" endtime="20230418 09:01:09.917"/>
</if>
<kw name="Run Keyword And Return Status" library="BuiltIn">
<var>${iframe2Statement}</var>
<arg>Element Should Be Visible</arg>
<arg>aswift_1</arg>
<doc>Runs the given keyword with given arguments and returns the status as a Boolean value.</doc>
<kw name="Element Should Be Visible" library="SeleniumLibrary">
<arg>aswift_1</arg>
<doc>Verifies that the element identified by ``locator`` is visible.</doc>
<msg timestamp="20230418 09:01:09.938" level="INFO">Element 'aswift_1' is displayed.</msg>
<status status="PASS" starttime="20230418 09:01:09.918" endtime="20230418 09:01:09.938"/>
</kw>
<msg timestamp="20230418 09:01:09.938" level="INFO">${iframe2Statement} = True</msg>
<status status="PASS" starttime="20230418 09:01:09.918" endtime="20230418 09:01:09.938"/>
</kw>
<if>
<branch type="IF" condition="${iframe2Statement}">
<kw name="Select Frame" library="SeleniumLibrary">
<arg>aswift_1</arg>
<doc>Sets frame identified by ``locator`` as the current frame.</doc>
<msg timestamp="20230418 09:01:09.939" level="INFO">Selecting frame 'aswift_1'.</msg>
<status status="PASS" starttime="20230418 09:01:09.938" endtime="20230418 09:01:09.959"/>
</kw>
<status status="PASS" starttime="20230418 09:01:09.938" endtime="20230418 09:01:09.959"/>
</branch>
<status status="PASS" starttime="20230418 09:01:09.938" endtime="20230418 09:01:09.959"/>
</if>
<kw name="Run Keyword And Return Status" library="BuiltIn">
<var>${iframe3Statement}</var>
<arg>Element Should Be Visible</arg>
<arg>${iframeAd}</arg>
<doc>Runs the given keyword with given arguments and returns the status as a Boolean value.</doc>
<kw name="Element Should Be Visible" library="SeleniumLibrary">
<arg>${iframeAd}</arg>
<doc>Verifies that the element identified by ``locator`` is visible.</doc>
<msg timestamp="20230418 09:01:09.981" level="INFO">Element '//*[@id='ad_iframe']' is displayed.</msg>
<status status="PASS" starttime="20230418 09:01:09.959" endtime="20230418 09:01:09.981"/>
</kw>
<msg timestamp="20230418 09:01:09.981" level="INFO">${iframe3Statement} = True</msg>
<status status="PASS" starttime="20230418 09:01:09.959" endtime="20230418 09:01:09.981"/>
</kw>
<if>
<branch type="IF" condition="${iframe3Statement}">
<kw name="Select Frame" library="SeleniumLibrary">
<arg>${iframeAd}</arg>
<doc>Sets frame identified by ``locator`` as the current frame.</doc>
<msg timestamp="20230418 09:01:09.982" level="INFO">Selecting frame '//*[@id='ad_iframe']'.</msg>
<status status="PASS" starttime="20230418 09:01:09.981" endtime="20230418 09:01:10.001"/>
</kw>
<status status="PASS" starttime="20230418 09:01:09.981" endtime="20230418 09:01:10.001"/>
</branch>
<status status="PASS" starttime="20230418 09:01:09.981" endtime="20230418 09:01:10.001"/>
</if>
<kw name="Run Keyword And Return Status" library="BuiltIn">
<var>${iframeAd1Statement}</var>
<arg>Element Should Be Visible</arg>
<arg>${dismissButton2}</arg>
<doc>Runs the given keyword with given arguments and returns the status as a Boolean value.</doc>
<kw name="Element Should Be Visible" library="SeleniumLibrary">
<arg>${dismissButton2}</arg>
<doc>Verifies that the element identified by ``locator`` is visible.</doc>
<msg timestamp="20230418 09:01:10.243" level="INFO" html="true">&lt;/td&gt;&lt;/tr&gt;&lt;tr&gt;&lt;td colspan="3"&gt;&lt;a href="selenium-screenshot-29.png"&gt;&lt;img src="selenium-screenshot-29.png" width="800px"&gt;&lt;/a&gt;</msg>
<msg timestamp="20230418 09:01:10.243" level="FAIL">Element with locator '//*[@id='dismiss-button']/div/svg' not found.</msg>
<status status="FAIL" starttime="20230418 09:01:10.002" endtime="20230418 09:01:10.244"/>
</kw>
<msg timestamp="20230418 09:01:10.244" level="INFO">${iframeAd1Statement} = False</msg>
<status status="PASS" starttime="20230418 09:01:10.001" endtime="20230418 09:01:10.244"/>
</kw>
<if>
<branch type="IF" condition="${iframeAd1Statement}">
<kw name="Click Element" library="SeleniumLibrary">
<arg>${dismissButton2}</arg>
<doc>Click the element identified by ``locator``.</doc>
<status status="NOT RUN" starttime="20230418 09:01:10.244" endtime="20230418 09:01:10.245"/>
</kw>
<status status="NOT RUN" starttime="20230418 09:01:10.244" endtime="20230418 09:01:10.245"/>
</branch>
<status status="PASS" starttime="20230418 09:01:10.244" endtime="20230418 09:01:10.245"/>
</if>
<kw name="Run Keyword And Return Status" library="BuiltIn">
<var>${iframeAd1Statement}</var>
<arg>Element Should Be Visible</arg>
<arg>${dismissButton}</arg>
<doc>Runs the given keyword with given arguments and returns the status as a Boolean value.</doc>
<kw name="Element Should Be Visible" library="SeleniumLibrary">
<arg>${dismissButton}</arg>
<doc>Verifies that the element identified by ``locator`` is visible.</doc>
<msg timestamp="20230418 09:01:10.272" level="INFO">Element '//*[@id='dismiss-button']' is displayed.</msg>
<status status="PASS" starttime="20230418 09:01:10.245" endtime="20230418 09:01:10.272"/>
</kw>
<msg timestamp="20230418 09:01:10.272" level="INFO">${iframeAd1Statement} = True</msg>
<status status="PASS" starttime="20230418 09:01:10.245" endtime="20230418 09:01:10.272"/>
</kw>
<if>
<branch type="IF" condition="${iframeAd1Statement}">
<kw name="Click Element" library="SeleniumLibrary">
<arg>${dismissButton}</arg>
<doc>Click the element identified by ``locator``.</doc>
<msg timestamp="20230418 09:01:10.273" level="INFO">Clicking element '//*[@id='dismiss-button']'.</msg>
<status status="PASS" starttime="20230418 09:01:10.272" endtime="20230418 09:01:10.367"/>
</kw>
<status status="PASS" starttime="20230418 09:01:10.272" endtime="20230418 09:01:10.367"/>
</branch>
<status status="PASS" starttime="20230418 09:01:10.272" endtime="20230418 09:01:10.367"/>
</if>
<kw name="Unselect Frame" library="SeleniumLibrary">
<doc>Sets the main frame as the current frame.</doc>
<status status="PASS" starttime="20230418 09:01:10.367" endtime="20230418 09:01:13.505"/>
</kw>
<kw name="Set Selenium Speed" library="SeleniumLibrary">
<arg>1</arg>
<doc>Sets the delay that is waited after each Selenium command.</doc>
<status status="PASS" starttime="20230418 09:01:13.506" endtime="20230418 09:01:13.506"/>
</kw>
<kw name="Get Text" library="SeleniumLibrary">
<var>${actualLoggedInText}</var>
<arg>${loggedInAsUsername}</arg>
<doc>Returns the text value of the element identified by ``locator``.</doc>
<msg timestamp="20230418 09:01:15.571" level="INFO">${actualLoggedInText} = Logged in as Kim</msg>
<status status="PASS" starttime="20230418 09:01:13.506" endtime="20230418 09:01:15.571"/>
</kw>
<kw name="Log To Console" library="BuiltIn">
<arg>${actualLoggedInText}</arg>
<doc>Logs the given message to the console.</doc>
<status status="PASS" starttime="20230418 09:01:15.571" endtime="20230418 09:01:15.571"/>
</kw>
<kw name="Element Should Contain" library="SeleniumLibrary">
<arg>${loggedInAsUsername}</arg>
<arg>Logged in as ${Name}</arg>
<doc>Verifies that element ``locator`` contains text ``expected``.</doc>
<msg timestamp="20230418 09:01:17.610" level="INFO">Element '//li[10]//a[1]' contains text 'Logged in as Kim'.</msg>
<status status="PASS" starttime="20230418 09:01:15.571" endtime="20230418 09:01:17.610"/>
</kw>
<kw name="Click Element" library="SeleniumLibrary">
<arg>${viewCart}</arg>
<doc>Click the element identified by ``locator``.</doc>
<msg timestamp="20230418 09:01:17.611" level="INFO">Clicking element '//*[@href='/view_cart']'.</msg>
<status status="PASS" starttime="20230418 09:01:17.610" endtime="20230418 09:01:23.131"/>
</kw>
<kw name="Scroll Element Into View" library="SeleniumLibrary">
<arg>${proceedToCheckOut}</arg>
<doc>Scrolls the element identified by ``locator`` into view.</doc>
<status status="PASS" starttime="20230418 09:01:23.131" endtime="20230418 09:01:25.460"/>
</kw>
<kw name="Click Element" library="SeleniumLibrary">
<arg>${proceedToCheckOut}</arg>
<doc>Click the element identified by ``locator``.</doc>
<msg timestamp="20230418 09:01:25.462" level="INFO">Clicking element '//a[@class='btn btn-default check_out']'.</msg>
<status status="PASS" starttime="20230418 09:01:25.460" endtime="20230418 09:01:32.663"/>
</kw>
<kw name="Scroll Element Into View" library="SeleniumLibrary">
<arg>${PlaceOrderButton}</arg>
<doc>Scrolls the element identified by ``locator`` into view.</doc>
<status status="PASS" starttime="20230418 09:01:32.663" endtime="20230418 09:01:34.993"/>
</kw>
<kw name="Text" library="FakerLibrary">
<var>${additionalInformation}</var>
<arg>200</arg>
<doc>Generate a text string.</doc>
<msg timestamp="20230418 09:01:34.993" level="INFO">${additionalInformation} = Last system myself wide. Land market mean. Congress art according concern.</msg>
<status status="PASS" starttime="20230418 09:01:34.993" endtime="20230418 09:01:34.993"/>
</kw>
<kw name="Input Text" library="SeleniumLibrary">
<arg>${OrderTextArea}</arg>
<arg>${additionalInformation}</arg>
<doc>Types the given ``text`` into the text field identified by ``locator``.</doc>
<msg timestamp="20230418 09:01:34.994" level="INFO">Typing text 'Last system myself wide. Land market mean. Congress art according concern.' into text field '//*[@class='form-control']'.</msg>
<status status="PASS" starttime="20230418 09:01:34.993" endtime="20230418 09:01:38.157"/>
</kw>
<kw name="Execute Javascript" library="SeleniumLibrary">
<arg>window.scrollTo(0,1200);</arg>
<doc>Executes the given JavaScript code with possible arguments.</doc>
<msg timestamp="20230418 09:01:38.158" level="INFO">Executing JavaScript:
window.scrollTo(0,1200);
Without any arguments.</msg>
<status status="PASS" starttime="20230418 09:01:38.157" endtime="20230418 09:01:39.162"/>
</kw>
<kw name="Click Element" library="SeleniumLibrary">
<arg>${PlaceOrderButton}</arg>
<doc>Click the element identified by ``locator``.</doc>
<msg timestamp="20230418 09:01:39.162" level="INFO">Clicking element '//*[@class='btn btn-default check_out']'.</msg>
<status status="PASS" starttime="20230418 09:01:39.162" endtime="20230418 09:01:42.513"/>
</kw>
<kw name="Name" library="FakerLibrary">
<var>${CardName}</var>
<doc>:example 'John Doe'</doc>
<msg timestamp="20230418 09:01:42.513" level="INFO">${CardName} = Deborah Duran</msg>
<status status="PASS" starttime="20230418 09:01:42.513" endtime="20230418 09:01:42.513"/>
</kw>
<kw name="Credit Card Number" library="FakerLibrary">
<var>${CardNumber}</var>
<doc>Generate a valid credit card number.</doc>
<msg timestamp="20230418 09:01:42.513" level="INFO">${CardNumber} = 3559376953706465</msg>
<status status="PASS" starttime="20230418 09:01:42.513" endtime="20230418 09:01:42.513"/>
</kw>
<kw name="Credit Card Security Code" library="FakerLibrary">
<var>${CardCVC}</var>
<doc>Generate a credit card security code.</doc>
<msg timestamp="20230418 09:01:42.514" level="INFO">${CardCVC} = 175</msg>
<status status="PASS" starttime="20230418 09:01:42.514" endtime="20230418 09:01:42.514"/>
</kw>
<kw name="Credit Card Expire" library="FakerLibrary">
<var>${CardExpiration}</var>
<doc>Generate a credit card expiry date.</doc>
<msg timestamp="20230418 09:01:42.514" level="INFO">${CardExpiration} = 12/29</msg>
<status status="PASS" starttime="20230418 09:01:42.514" endtime="20230418 09:01:42.514"/>
</kw>
<kw name="Input Text" library="SeleniumLibrary">
<arg>name=name_on_card</arg>
<arg>${CardName}</arg>
<doc>Types the given ``text`` into the text field identified by ``locator``.</doc>
<msg timestamp="20230418 09:01:42.514" level="INFO">Typing text 'Deborah Duran' into text field 'name=name_on_card'.</msg>
<status status="PASS" starttime="20230418 09:01:42.514" endtime="20230418 09:01:45.697"/>
</kw>
<kw name="Input Text" library="SeleniumLibrary">
<arg>name=card_number</arg>
<arg>${CardNumber}</arg>
<doc>Types the given ``text`` into the text field identified by ``locator``.</doc>
<msg timestamp="20230418 09:01:45.697" level="INFO">Typing text '3559376953706465' into text field 'name=card_number'.</msg>
<status status="PASS" starttime="20230418 09:01:45.697" endtime="20230418 09:01:48.866"/>
</kw>
<kw name="Input Text" library="SeleniumLibrary">
<arg>name=cvc</arg>
<arg>${CardCVC}</arg>
<doc>Types the given ``text`` into the text field identified by ``locator``.</doc>
<msg timestamp="20230418 09:01:48.866" level="INFO">Typing text '175' into text field 'name=cvc'.</msg>
<status status="PASS" starttime="20230418 09:01:48.866" endtime="20230418 09:01:52.009"/>
</kw>
<kw name="Input Text" library="SeleniumLibrary">
<arg>name=expiry_month</arg>
<arg>09</arg>
<doc>Types the given ``text`` into the text field identified by ``locator``.</doc>
<msg timestamp="20230418 09:01:52.009" level="INFO">Typing text '09' into text field 'name=expiry_month'.</msg>
<status status="PASS" starttime="20230418 09:01:52.009" endtime="20230418 09:01:55.131"/>
</kw>
<kw name="Input Text" library="SeleniumLibrary">
<arg>name=expiry_year</arg>
<arg>2030</arg>
<doc>Types the given ``text`` into the text field identified by ``locator``.</doc>
<msg timestamp="20230418 09:01:55.132" level="INFO">Typing text '2030' into text field 'name=expiry_year'.</msg>
<status status="PASS" starttime="20230418 09:01:55.131" endtime="20230418 09:01:58.209"/>
</kw>
<kw name="Click Element" library="SeleniumLibrary">
<arg>id=submit</arg>
<doc>Click the element identified by ``locator``.</doc>
<msg timestamp="20230418 09:01:58.209" level="INFO">Clicking element 'id=submit'.</msg>
<status status="PASS" starttime="20230418 09:01:58.209" endtime="20230418 09:02:02.956"/>
</kw>
<kw name="Get Text" library="SeleniumLibrary">
<var>${sh}</var>
<arg>${PaymentSuccessAleert}</arg>
<doc>Returns the text value of the element identified by ``locator``.</doc>
<msg timestamp="20230418 09:02:05.016" level="INFO">${sh} = </msg>
<status status="PASS" starttime="20230418 09:02:02.956" endtime="20230418 09:02:05.016"/>
</kw>
<kw name="Log To Console" library="BuiltIn">
<arg>${sh}</arg>
<doc>Logs the given message to the console.</doc>
<status status="PASS" starttime="20230418 09:02:05.016" endtime="20230418 09:02:05.016"/>
</kw>
<kw name="Get Text" library="SeleniumLibrary">
<var>${Succesfull}</var>
<arg>${OrderSuccesfull}</arg>
<doc>Returns the text value of the element identified by ``locator``.</doc>
<msg timestamp="20230418 09:02:07.087" level="INFO">${Succesfull} = ORDER PLACED!
Congratulations! Your order has been confirmed!
Download Invoice
Continue</msg>
<status status="PASS" starttime="20230418 09:02:05.016" endtime="20230418 09:02:07.087"/>
</kw>
<kw name="Log To Console" library="BuiltIn">
<arg>${Succesfull}</arg>
<doc>Logs the given message to the console.</doc>
<status status="PASS" starttime="20230418 09:02:07.087" endtime="20230418 09:02:07.087"/>
</kw>
<kw name="Element Should Contain" library="SeleniumLibrary">
<arg>${OrderSuccesfull}</arg>
<arg>${Succesfull}</arg>
<doc>Verifies that element ``locator`` contains text ``expected``.</doc>
<msg timestamp="20230418 09:02:09.119" level="INFO">Element '//*[@id='form']' contains text 'ORDER PLACED!
Congratulations! Your order has been confirmed!
Download Invoice
Continue'.</msg>
<status status="PASS" starttime="20230418 09:02:07.087" endtime="20230418 09:02:09.119"/>
</kw>
<kw name="Click Element" library="SeleniumLibrary">
<arg>${DownloadInvoice}</arg>
<doc>Click the element identified by ``locator``.</doc>
<msg timestamp="20230418 09:02:09.119" level="INFO">Clicking element '//*[@class='btn btn-default check_out']'.</msg>
<status status="PASS" starttime="20230418 09:02:09.119" endtime="20230418 09:02:11.897"/>
</kw>
<kw name="Click Element" library="SeleniumLibrary">
<arg>${ContinueButton}</arg>
<doc>Click the element identified by ``locator``.</doc>
<msg timestamp="20230418 09:02:11.897" level="INFO">Clicking element '//*[@data-qa='continue-button']'.</msg>
<status status="PASS" starttime="20230418 09:02:11.897" endtime="20230418 09:02:17.060"/>
</kw>
<kw name="Click Element" library="SeleniumLibrary">
<arg>${DeleteAccount}</arg>
<doc>Click the element identified by ``locator``.</doc>
<msg timestamp="20230418 09:02:17.060" level="INFO">Clicking element '//*[@id='header']/div/div/div/div[2]/div/ul/li[5]/a'.</msg>
<status status="PASS" starttime="20230418 09:02:17.060" endtime="20230418 09:02:19.927"/>
</kw>
<kw name="Get Text" library="SeleniumLibrary">
<var>${accountDeleted}</var>
<arg>${AccountDeletedText}</arg>
<doc>Returns the text value of the element identified by ``locator``.</doc>
<msg timestamp="20230418 09:02:21.951" level="INFO">${accountDeleted} = ACCOUNT DELETED!</msg>
<status status="PASS" starttime="20230418 09:02:19.927" endtime="20230418 09:02:21.951"/>
</kw>
<kw name="Log To Console" library="BuiltIn">
<arg>${accountDeleted}</arg>
<doc>Logs the given message to the console.</doc>
<status status="PASS" starttime="20230418 09:02:21.951" endtime="20230418 09:02:21.951"/>
</kw>
<kw name="Element Should Contain" library="SeleniumLibrary">
<arg>${AccountDeletedText}</arg>
<arg>ACCOUNT DELETED!</arg>
<doc>Verifies that element ``locator`` contains text ``expected``.</doc>
<msg timestamp="20230418 09:02:23.983" level="INFO">Element '//*[@id='form']/div/div/div/h2/b' contains text 'ACCOUNT DELETED!'.</msg>
<status status="PASS" starttime="20230418 09:02:21.951" endtime="20230418 09:02:23.983"/>
</kw>
<status status="PASS" starttime="20230418 09:01:01.663" endtime="20230418 09:02:23.983"/>
</kw>
<status status="PASS" starttime="20230418 09:00:36.434" endtime="20230418 09:02:23.983"/>
</test>
<status status="PASS" starttime="20230418 09:00:35.792" endtime="20230418 09:02:23.983"/>
</suite>
<statistics>
<total>
<stat pass="1" fail="0" skip="0">All Tests</stat>
</total>
<tag>
</tag>
<suite>
<stat pass="1" fail="0" skip="0" id="s1" name="AutomationExercise24bis">AutomationExercise24bis</stat>
</suite>
</statistics>
<errors>
</errors>
</robot>
s status="PASS" starttime="20230418 08:58:09.345" endtime="20230418 09:01:32.886"/>
</test>
<status status="PASS" starttime="20230418 08:58:08.695" endtime="20230418 09:01:32.891"/>
</suite>
<statistics>
<total>
<stat pass="1" fail="0" skip="0">All Tests</stat>
</total>
<tag>
</tag>
<suite>
<stat pass="1" fail="0" skip="0" id="s1" name="AutomationExercise24bis">AutomationExercise24bis</stat>
</suite>
</statistics>
<errors>
</errors>
</robot>
