<?xml version="1.0" encoding="UTF-8"?>
<robot generator="Robot 6.0.1 (Python 3.11.0 on win32)" generated="20230417 04:02:15.022" rpa="false" schemaversion="3">
<suite id="s1" name="AutomationExercise24bis" source="C:\development\robot-scripts\UI_RobotLessons\TestWorks\AutomationExercise24bis.robot">
<test id="s1-t1" name="Test Case 24: Download Invoice after purchase order" line="41">
<kw name="Homepage should be visible">
<kw name="Open Browser" library="SeleniumLibrary">
<arg>${url}</arg>
<arg>${browser}</arg>
<doc>Opens a new browser instance to the optional ``url``.</doc>
<msg timestamp="20230417 04:02:15.636" level="INFO">Opening browser 'gc' to base url 'https://automationexercise.com/'.</msg>
<status status="PASS" starttime="20230417 04:02:15.636" endtime="20230417 04:02:21.301"/>
</kw>
<kw name="Maximize Browser Window" library="SeleniumLibrary">
<doc>Maximizes current browser window.</doc>
<status status="PASS" starttime="20230417 04:02:21.302" endtime="20230417 04:02:21.421"/>
</kw>
<kw name="Get Element Attribute" library="SeleniumLibrary">
<var>${homeColor}</var>
<arg>${AutExerHome}</arg>
<arg>style</arg>
<doc>Returns the value of ``attribute`` from the element ``locator``.</doc>
<msg timestamp="20230417 04:02:21.515" level="INFO">${homeColor} = color: orange;</msg>
<status status="PASS" starttime="20230417 04:02:21.421" endtime="20230417 04:02:21.515"/>
</kw>
<kw name="Should Contain" library="BuiltIn">
<arg>${homeColor}</arg>
<arg>orange</arg>
<doc>Fails if ``container`` does not contain ``item`` one or more times.</doc>
<status status="PASS" starttime="20230417 04:02:21.515" endtime="20230417 04:02:21.515"/>
</kw>
<status status="PASS" starttime="20230417 04:02:15.636" endtime="20230417 04:02:21.515"/>
</kw>
<kw name="After adding some products Cart Page should be visible">
<kw name="Get WebElements" library="SeleniumLibrary">
<var>${addToCartElements}</var>
<arg>${addToCards}</arg>
<doc>Returns a list of WebElement objects matching the ``locator``.</doc>
<msg timestamp="20230417 04:02:21.528" level="INFO">${addToCartElements} = [&lt;selenium.webdriver.remote.webelement.WebElement (session="51ee55a43fff34c8123bafe1cc86fce0", element="7c404a15-4719-4155-b1ad-5ad14ba63dd8")&gt;, &lt;selenium.webdriver.remote.webelement.WebElement (sessi...</msg>
<status status="PASS" starttime="20230417 04:02:21.516" endtime="20230417 04:02:21.528"/>
</kw>
<kw name="Get Length" library="BuiltIn">
<var>${CartElementsLength}</var>
<arg>${addToCartElements}</arg>
<doc>Returns and logs the length of the given item as an integer.</doc>
<msg timestamp="20230417 04:02:21.529" level="INFO">Length is 74</msg>
<msg timestamp="20230417 04:02:21.529" level="INFO">${CartElementsLength} = 74</msg>
<status status="PASS" starttime="20230417 04:02:21.528" endtime="20230417 04:02:21.529"/>
</kw>
<kw name="Create List" library="BuiltIn">
<var>${ClickableCartElements}</var>
<doc>Returns a list containing given items.</doc>
<msg timestamp="20230417 04:02:21.529" level="INFO">${ClickableCartElements} = []</msg>
<status status="PASS" starttime="20230417 04:02:21.529" endtime="20230417 04:02:21.529"/>
</kw>
<kw name="Set Selenium Speed" library="SeleniumLibrary">
<arg>1</arg>
<doc>Sets the delay that is waited after each Selenium command.</doc>
<status status="PASS" starttime="20230417 04:02:21.529" endtime="20230417 04:02:21.529"/>
</kw>
<for flavor="IN RANGE">
<var>${indexNo}</var>
<value>0</value>
<value>${CartElementsLength}</value>
<value>2</value>
<iter>
<var name="${indexNo}">0</var>
<kw name="Get From List" library="Collections">
<var>${eachProductLocator}</var>
<arg>${addToCartElements}</arg>
<arg>${indexNo}</arg>
<doc>Returns the value specified with an ``index`` from ``list``.</doc>
<msg timestamp="20230417 04:02:21.530" level="INFO">${eachProductLocator} = &lt;selenium.webdriver.remote.webelement.WebElement (session="51ee55a43fff34c8123bafe1cc86fce0", element="7c404a15-4719-4155-b1ad-5ad14ba63dd8")&gt;</msg>
<status status="PASS" starttime="20230417 04:02:21.530" endtime="20230417 04:02:21.530"/>
</kw>
<kw name="Append To List" library="Collections">
<arg>${ClickableCartElements}</arg>
<arg>${eachProductLocator}</arg>
<doc>Adds ``values`` to the end of ``list``.</doc>
<status status="PASS" starttime="20230417 04:02:21.530" endtime="20230417 04:02:21.530"/>
</kw>
<status status="PASS" starttime="20230417 04:02:21.530" endtime="20230417 04:02:21.530"/>
</iter>
<iter>
<var name="${indexNo}">2</var>
<kw name="Get From List" library="Collections">
<var>${eachProductLocator}</var>
<arg>${addToCartElements}</arg>
<arg>${indexNo}</arg>
<doc>Returns the value specified with an ``index`` from ``list``.</doc>
<msg timestamp="20230417 04:02:21.531" level="INFO">${eachProductLocator} = &lt;selenium.webdriver.remote.webelement.WebElement (session="51ee55a43fff34c8123bafe1cc86fce0", element="2159fe3c-29d8-4358-950f-5277601f4ff4")&gt;</msg>
<status status="PASS" starttime="20230417 04:02:21.530" endtime="20230417 04:02:21.531"/>
</kw>
<kw name="Append To List" library="Collections">
<arg>${ClickableCartElements}</arg>
<arg>${eachProductLocator}</arg>
<doc>Adds ``values`` to the end of ``list``.</doc>
<status status="PASS" starttime="20230417 04:02:21.531" endtime="20230417 04:02:21.531"/>
</kw>
<status status="PASS" starttime="20230417 04:02:21.530" endtime="20230417 04:02:21.531"/>
</iter>
<iter>
<var name="${indexNo}">4</var>
<kw name="Get From List" library="Collections">
<var>${eachProductLocator}</var>
<arg>${addToCartElements}</arg>
<arg>${indexNo}</arg>
<doc>Returns the value specified with an ``index`` from ``list``.</doc>
<msg timestamp="20230417 04:02:21.531" level="INFO">${eachProductLocator} = &lt;selenium.webdriver.remote.webelement.WebElement (session="51ee55a43fff34c8123bafe1cc86fce0", element="61f7fe49-32e2-4ca7-a8ae-73f484404ec1")&gt;</msg>
<status status="PASS" starttime="20230417 04:02:21.531" endtime="20230417 04:02:21.531"/>
</kw>
<kw name="Append To List" library="Collections">
<arg>${ClickableCartElements}</arg>
<arg>${eachProductLocator}</arg>
<doc>Adds ``values`` to the end of ``list``.</doc>
<status status="PASS" starttime="20230417 04:02:21.531" endtime="20230417 04:02:21.531"/>
</kw>
<status status="PASS" starttime="20230417 04:02:21.531" endtime="20230417 04:02:21.531"/>
</iter>
<iter>
<var name="${indexNo}">6</var>
<kw name="Get From List" library="Collections">
<var>${eachProductLocator}</var>
<arg>${addToCartElements}</arg>
<arg>${indexNo}</arg>
<doc>Returns the value specified with an ``index`` from ``list``.</doc>
<msg timestamp="20230417 04:02:21.532" level="INFO">${eachProductLocator} = &lt;selenium.webdriver.remote.webelement.WebElement (session="51ee55a43fff34c8123bafe1cc86fce0", element="ebf48864-c3e6-40b7-9654-e45dff2c8a30")&gt;</msg>
<status status="PASS" starttime="20230417 04:02:21.532" endtime="20230417 04:02:21.532"/>
</kw>
<kw name="Append To List" library="Collections">
<arg>${ClickableCartElements}</arg>
<arg>${eachProductLocator}</arg>
<doc>Adds ``values`` to the end of ``list``.</doc>
<status status="PASS" starttime="20230417 04:02:21.532" endtime="20230417 04:02:21.532"/>
</kw>
<status status="PASS" starttime="20230417 04:02:21.532" endtime="20230417 04:02:21.532"/>
</iter>
<iter>
<var name="${indexNo}">8</var>
<kw name="Get From List" library="Collections">
<var>${eachProductLocator}</var>
<arg>${addToCartElements}</arg>
<arg>${indexNo}</arg>
<doc>Returns the value specified with an ``index`` from ``list``.</doc>
<msg timestamp="20230417 04:02:21.532" level="INFO">${eachProductLocator} = &lt;selenium.webdriver.remote.webelement.WebElement (session="51ee55a43fff34c8123bafe1cc86fce0", element="cc57c62b-8f02-4b43-8bfc-c0f73bc18458")&gt;</msg>
<status status="PASS" starttime="20230417 04:02:21.532" endtime="20230417 04:02:21.532"/>
</kw>
<kw name="Append To List" library="Collections">
<arg>${ClickableCartElements}</arg>
<arg>${eachProductLocator}</arg>
<doc>Adds ``values`` to the end of ``list``.</doc>
<status status="PASS" starttime="20230417 04:02:21.532" endtime="20230417 04:02:21.533"/>
</kw>
<status status="PASS" starttime="20230417 04:02:21.532" endtime="20230417 04:02:21.533"/>
</iter>
<iter>
<var name="${indexNo}">10</var>
<kw name="Get From List" library="Collections">
<var>${eachProductLocator}</var>
<arg>${addToCartElements}</arg>
<arg>${indexNo}</arg>
<doc>Returns the value specified with an ``index`` from ``list``.</doc>
<msg timestamp="20230417 04:02:21.533" level="INFO">${eachProductLocator} = &lt;selenium.webdriver.remote.webelement.WebElement (session="51ee55a43fff34c8123bafe1cc86fce0", element="185c8a7b-dde0-40e7-a9e0-7f1885e8011a")&gt;</msg>
<status status="PASS" starttime="20230417 04:02:21.533" endtime="20230417 04:02:21.533"/>
</kw>
<kw name="Append To List" library="Collections">
<arg>${ClickableCartElements}</arg>
<arg>${eachProductLocator}</arg>
<doc>Adds ``values`` to the end of ``list``.</doc>
<status status="PASS" starttime="20230417 04:02:21.533" endtime="20230417 04:02:21.533"/>
</kw>
<status status="PASS" starttime="20230417 04:02:21.533" endtime="20230417 04:02:21.533"/>
</iter>
<iter>
<var name="${indexNo}">12</var>
<kw name="Get From List" library="Collections">
<var>${eachProductLocator}</var>
<arg>${addToCartElements}</arg>
<arg>${indexNo}</arg>
<doc>Returns the value specified with an ``index`` from ``list``.</doc>
<msg timestamp="20230417 04:02:21.533" level="INFO">${eachProductLocator} = &lt;selenium.webdriver.remote.webelement.WebElement (session="51ee55a43fff34c8123bafe1cc86fce0", element="97586c61-fbd5-4d6a-881c-b780dff8e95a")&gt;</msg>
<status status="PASS" starttime="20230417 04:02:21.533" endtime="20230417 04:02:21.533"/>
</kw>
<kw name="Append To List" library="Collections">
<arg>${ClickableCartElements}</arg>
<arg>${eachProductLocator}</arg>
<doc>Adds ``values`` to the end of ``list``.</doc>
<status status="PASS" starttime="20230417 04:02:21.533" endtime="20230417 04:02:21.534"/>
</kw>
<status status="PASS" starttime="20230417 04:02:21.533" endtime="20230417 04:02:21.534"/>
</iter>
<iter>
<var name="${indexNo}">14</var>
<kw name="Get From List" library="Collections">
<var>${eachProductLocator}</var>
<arg>${addToCartElements}</arg>
<arg>${indexNo}</arg>
<doc>Returns the value specified with an ``index`` from ``list``.</doc>
<msg timestamp="20230417 04:02:21.534" level="INFO">${eachProductLocator} = &lt;selenium.webdriver.remote.webelement.WebElement (session="51ee55a43fff34c8123bafe1cc86fce0", element="af10ed16-e908-4789-a763-65c3de657b63")&gt;</msg>
<status status="PASS" starttime="20230417 04:02:21.534" endtime="20230417 04:02:21.534"/>
</kw>
<kw name="Append To List" library="Collections">
<arg>${ClickableCartElements}</arg>
<arg>${eachProductLocator}</arg>
<doc>Adds ``values`` to the end of ``list``.</doc>
<status status="PASS" starttime="20230417 04:02:21.534" endtime="20230417 04:02:21.534"/>
</kw>
<status status="PASS" starttime="20230417 04:02:21.534" endtime="20230417 04:02:21.534"/>
</iter>
<iter>
<var name="${indexNo}">16</var>
<kw name="Get From List" library="Collections">
<var>${eachProductLocator}</var>
<arg>${addToCartElements}</arg>
<arg>${indexNo}</arg>
<doc>Returns the value specified with an ``index`` from ``list``.</doc>
<msg timestamp="20230417 04:02:21.535" level="INFO">${eachProductLocator} = &lt;selenium.webdriver.remote.webelement.WebElement (session="51ee55a43fff34c8123bafe1cc86fce0", element="626927de-df60-4027-9b8c-251d371defba")&gt;</msg>
<status status="PASS" starttime="20230417 04:02:21.535" endtime="20230417 04:02:21.535"/>
</kw>
<kw name="Append To List" library="Collections">
<arg>${ClickableCartElements}</arg>
<arg>${eachProductLocator}</arg>
<doc>Adds ``values`` to the end of ``list``.</doc>
<status status="PASS" starttime="20230417 04:02:21.535" endtime="20230417 04:02:21.535"/>
</kw>
<status status="PASS" starttime="20230417 04:02:21.535" endtime="20230417 04:02:21.535"/>
</iter>
<iter>
<var name="${indexNo}">18</var>
<kw name="Get From List" library="Collections">
<var>${eachProductLocator}</var>
<arg>${addToCartElements}</arg>
<arg>${indexNo}</arg>
<doc>Returns the value specified with an ``index`` from ``list``.</doc>
<msg timestamp="20230417 04:02:21.535" level="INFO">${eachProductLocator} = &lt;selenium.webdriver.remote.webelement.WebElement (session="51ee55a43fff34c8123bafe1cc86fce0", element="65290379-25b3-4446-85f8-8424c8a2d1ea")&gt;</msg>
<status status="PASS" starttime="20230417 04:02:21.535" endtime="20230417 04:02:21.535"/>
</kw>
<kw name="Append To List" library="Collections">
<arg>${ClickableCartElements}</arg>
<arg>${eachProductLocator}</arg>
<doc>Adds ``values`` to the end of ``list``.</doc>
<status status="PASS" starttime="20230417 04:02:21.535" endtime="20230417 04:02:21.536"/>
</kw>
<status status="PASS" starttime="20230417 04:02:21.535" endtime="20230417 04:02:21.536"/>
</iter>
<iter>
<var name="${indexNo}">20</var>
<kw name="Get From List" library="Collections">
<var>${eachProductLocator}</var>
<arg>${addToCartElements}</arg>
<arg>${indexNo}</arg>
<doc>Returns the value specified with an ``index`` from ``list``.</doc>
<msg timestamp="20230417 04:02:21.536" level="INFO">${eachProductLocator} = &lt;selenium.webdriver.remote.webelement.WebElement (session="51ee55a43fff34c8123bafe1cc86fce0", element="51524700-b7ac-4e10-8b6d-81abc4cf1eca")&gt;</msg>
<status status="PASS" starttime="20230417 04:02:21.536" endtime="20230417 04:02:21.536"/>
</kw>
<kw name="Append To List" library="Collections">
<arg>${ClickableCartElements}</arg>
<arg>${eachProductLocator}</arg>
<doc>Adds ``values`` to the end of ``list``.</doc>
<status status="PASS" starttime="20230417 04:02:21.536" endtime="20230417 04:02:21.537"/>
</kw>
<status status="PASS" starttime="20230417 04:02:21.536" endtime="20230417 04:02:21.537"/>
</iter>
<iter>
<var name="${indexNo}">22</var>
<kw name="Get From List" library="Collections">
<var>${eachProductLocator}</var>
<arg>${addToCartElements}</arg>
<arg>${indexNo}</arg>
<doc>Returns the value specified with an ``index`` from ``list``.</doc>
<msg timestamp="20230417 04:02:21.537" level="INFO">${eachProductLocator} = &lt;selenium.webdriver.remote.webelement.WebElement (session="51ee55a43fff34c8123bafe1cc86fce0", element="632c281b-92a3-46d6-908f-7b2108d172a9")&gt;</msg>
<status status="PASS" starttime="20230417 04:02:21.537" endtime="20230417 04:02:21.537"/>
</kw>
<kw name="Append To List" library="Collections">
<arg>${ClickableCartElements}</arg>
<arg>${eachProductLocator}</arg>
<doc>Adds ``values`` to the end of ``list``.</doc>
<status status="PASS" starttime="20230417 04:02:21.537" endtime="20230417 04:02:21.537"/>
</kw>
<status status="PASS" starttime="20230417 04:02:21.537" endtime="20230417 04:02:21.537"/>
</iter>
<iter>
<var name="${indexNo}">24</var>
<kw name="Get From List" library="Collections">
<var>${eachProductLocator}</var>
<arg>${addToCartElements}</arg>
<arg>${indexNo}</arg>
<doc>Returns the value specified with an ``index`` from ``list``.</doc>
<msg timestamp="20230417 04:02:21.538" level="INFO">${eachProductLocator} = &lt;selenium.webdriver.remote.webelement.WebElement (session="51ee55a43fff34c8123bafe1cc86fce0", element="b0b1b6ca-af07-4ff6-bd77-388dbeea7c46")&gt;</msg>
<status status="PASS" starttime="20230417 04:02:21.537" endtime="20230417 04:02:21.538"/>
</kw>
<kw name="Append To List" library="Collections">
<arg>${ClickableCartElements}</arg>
<arg>${eachProductLocator}</arg>
<doc>Adds ``values`` to the end of ``list``.</doc>
<status status="PASS" starttime="20230417 04:02:21.538" endtime="20230417 04:02:21.538"/>
</kw>
<status status="PASS" starttime="20230417 04:02:21.537" endtime="20230417 04:02:21.538"/>
</iter>
<iter>
<var name="${indexNo}">26</var>
<kw name="Get From List" library="Collections">
<var>${eachProductLocator}</var>
<arg>${addToCartElements}</arg>
<arg>${indexNo}</arg>
<doc>Returns the value specified with an ``index`` from ``list``.</doc>
<msg timestamp="20230417 04:02:21.538" level="INFO">${eachProductLocator} = &lt;selenium.webdriver.remote.webelement.WebElement (session="51ee55a43fff34c8123bafe1cc86fce0", element="26704559-9443-4986-9eae-dc089368484c")&gt;</msg>
<status status="PASS" starttime="20230417 04:02:21.538" endtime="20230417 04:02:21.538"/>
</kw>
<kw name="Append To List" library="Collections">
<arg>${ClickableCartElements}</arg>
<arg>${eachProductLocator}</arg>
<doc>Adds ``values`` to the end of ``list``.</doc>
<status status="PASS" starttime="20230417 04:02:21.538" endtime="20230417 04:02:21.538"/>
</kw>
<status status="PASS" starttime="20230417 04:02:21.538" endtime="20230417 04:02:21.538"/>
</iter>
<iter>
<var name="${indexNo}">28</var>
<kw name="Get From List" library="Collections">
<var>${eachProductLocator}</var>
<arg>${addToCartElements}</arg>
<arg>${indexNo}</arg>
<doc>Returns the value specified with an ``index`` from ``list``.</doc>
<msg timestamp="20230417 04:02:21.539" level="INFO">${eachProductLocator} = &lt;selenium.webdriver.remote.webelement.WebElement (session="51ee55a43fff34c8123bafe1cc86fce0", element="d412a57c-16ef-4b24-955a-34f97d07282a")&gt;</msg>
<status status="PASS" starttime="20230417 04:02:21.539" endtime="20230417 04:02:21.539"/>
</kw>
<kw name="Append To List" library="Collections">
<arg>${ClickableCartElements}</arg>
<arg>${eachProductLocator}</arg>
<doc>Adds ``values`` to the end of ``list``.</doc>
<status status="PASS" starttime="20230417 04:02:21.539" endtime="20230417 04:02:21.539"/>
</kw>
<status status="PASS" starttime="20230417 04:02:21.539" endtime="20230417 04:02:21.539"/>
</iter>
<iter>
<var name="${indexNo}">30</var>
<kw name="Get From List" library="Collections">
<var>${eachProductLocator}</var>
<arg>${addToCartElements}</arg>
<arg>${indexNo}</arg>
<doc>Returns the value specified with an ``index`` from ``list``.</doc>
<msg timestamp="20230417 04:02:21.539" level="INFO">${eachProductLocator} = &lt;selenium.webdriver.remote.webelement.WebElement (session="51ee55a43fff34c8123bafe1cc86fce0", element="3cbf505b-d15e-401c-91ed-658d8d9b9b66")&gt;</msg>
<status status="PASS" starttime="20230417 04:02:21.539" endtime="20230417 04:02:21.539"/>
</kw>
<kw name="Append To List" library="Collections">
<arg>${ClickableCartElements}</arg>
<arg>${eachProductLocator}</arg>
<doc>Adds ``values`` to the end of ``list``.</doc>
<status status="PASS" starttime="20230417 04:02:21.539" endtime="20230417 04:02:21.540"/>
</kw>
<status status="PASS" starttime="20230417 04:02:21.539" endtime="20230417 04:02:21.540"/>
</iter>
<iter>
<var name="${indexNo}">32</var>
<kw name="Get From List" library="Collections">
<var>${eachProductLocator}</var>
<arg>${addToCartElements}</arg>
<arg>${indexNo}</arg>
<doc>Returns the value specified with an ``index`` from ``list``.</doc>
<msg timestamp="20230417 04:02:21.540" level="INFO">${eachProductLocator} = &lt;selenium.webdriver.remote.webelement.WebElement (session="51ee55a43fff34c8123bafe1cc86fce0", element="0ea270e3-4caf-4761-b3ce-3ec4635f35b1")&gt;</msg>
<status status="PASS" starttime="20230417 04:02:21.540" endtime="20230417 04:02:21.540"/>
</kw>
<kw name="Append To List" library="Collections">
<arg>${ClickableCartElements}</arg>
<arg>${eachProductLocator}</arg>
<doc>Adds ``values`` to the end of ``list``.</doc>
<status status="PASS" starttime="20230417 04:02:21.540" endtime="20230417 04:02:21.540"/>
</kw>
<status status="PASS" starttime="20230417 04:02:21.540" endtime="20230417 04:02:21.541"/>
</iter>
<iter>
<var name="${indexNo}">34</var>
<kw name="Get From List" library="Collections">
<var>${eachProductLocator}</var>
<arg>${addToCartElements}</arg>
<arg>${indexNo}</arg>
<doc>Returns the value specified with an ``index`` from ``list``.</doc>
<msg timestamp="20230417 04:02:21.541" level="INFO">${eachProductLocator} = &lt;selenium.webdriver.remote.webelement.WebElement (session="51ee55a43fff34c8123bafe1cc86fce0", element="cd451cb7-1931-4a05-9e68-f73a8cf24ea5")&gt;</msg>
<status status="PASS" starttime="20230417 04:02:21.541" endtime="20230417 04:02:21.541"/>
</kw>
<kw name="Append To List" library="Collections">
<arg>${ClickableCartElements}</arg>
<arg>${eachProductLocator}</arg>
<doc>Adds ``values`` to the end of ``list``.</doc>
<status status="PASS" starttime="20230417 04:02:21.541" endtime="20230417 04:02:21.542"/>
</kw>
<status status="PASS" starttime="20230417 04:02:21.541" endtime="20230417 04:02:21.542"/>
</iter>
<iter>
<var name="${indexNo}">36</var>
<kw name="Get From List" library="Collections">
<var>${eachProductLocator}</var>
<arg>${addToCartElements}</arg>
<arg>${indexNo}</arg>
<doc>Returns the value specified with an ``index`` from ``list``.</doc>
<msg timestamp="20230417 04:02:21.542" level="INFO">${eachProductLocator} = &lt;selenium.webdriver.remote.webelement.WebElement (session="51ee55a43fff34c8123bafe1cc86fce0", element="11f7446d-01fd-456a-a911-b4f742aade04")&gt;</msg>
<status status="PASS" starttime="20230417 04:02:21.542" endtime="20230417 04:02:21.542"/>
</kw>
<kw name="Append To List" library="Collections">
<arg>${ClickableCartElements}</arg>
<arg>${eachProductLocator}</arg>
<doc>Adds ``values`` to the end of ``list``.</doc>
<status status="PASS" starttime="20230417 04:02:21.542" endtime="20230417 04:02:21.543"/>
</kw>
<status status="PASS" starttime="20230417 04:02:21.542" endtime="20230417 04:02:21.543"/>
</iter>
<iter>
<var name="${indexNo}">38</var>
<kw name="Get From List" library="Collections">
<var>${eachProductLocator}</var>
<arg>${addToCartElements}</arg>
<arg>${indexNo}</arg>
<doc>Returns the value specified with an ``index`` from ``list``.</doc>
<msg timestamp="20230417 04:02:21.543" level="INFO">${eachProductLocator} = &lt;selenium.webdriver.remote.webelement.WebElement (session="51ee55a43fff34c8123bafe1cc86fce0", element="37e7dd6f-fc10-4b3d-b488-e41ad6bef456")&gt;</msg>
<status status="PASS" starttime="20230417 04:02:21.543" endtime="20230417 04:02:21.543"/>
</kw>
<kw name="Append To List" library="Collections">
<arg>${ClickableCartElements}</arg>
<arg>${eachProductLocator}</arg>
<doc>Adds ``values`` to the end of ``list``.</doc>
<status status="PASS" starttime="20230417 04:02:21.544" endtime="20230417 04:02:21.544"/>
</kw>
<status status="PASS" starttime="20230417 04:02:21.543" endtime="20230417 04:02:21.544"/>
</iter>
<iter>
<var name="${indexNo}">40</var>
<kw name="Get From List" library="Collections">
<var>${eachProductLocator}</var>
<arg>${addToCartElements}</arg>
<arg>${indexNo}</arg>
<doc>Returns the value specified with an ``index`` from ``list``.</doc>
<msg timestamp="20230417 04:02:21.545" level="INFO">${eachProductLocator} = &lt;selenium.webdriver.remote.webelement.WebElement (session="51ee55a43fff34c8123bafe1cc86fce0", element="d29fc3d5-aa1c-497f-b3dd-f78448ad9f8e")&gt;</msg>
<status status="PASS" starttime="20230417 04:02:21.544" endtime="20230417 04:02:21.545"/>
</kw>
<kw name="Append To List" library="Collections">
<arg>${ClickableCartElements}</arg>
<arg>${eachProductLocator}</arg>
<doc>Adds ``values`` to the end of ``list``.</doc>
<status status="PASS" starttime="20230417 04:02:21.545" endtime="20230417 04:02:21.545"/>
</kw>
<status status="PASS" starttime="20230417 04:02:21.544" endtime="20230417 04:02:21.545"/>
</iter>
<iter>
<var name="${indexNo}">42</var>
<kw name="Get From List" library="Collections">
<var>${eachProductLocator}</var>
<arg>${addToCartElements}</arg>
<arg>${indexNo}</arg>
<doc>Returns the value specified with an ``index`` from ``list``.</doc>
<msg timestamp="20230417 04:02:21.546" level="INFO">${eachProductLocator} = &lt;selenium.webdriver.remote.webelement.WebElement (session="51ee55a43fff34c8123bafe1cc86fce0", element="1dd7fb2c-d923-41b3-aff1-6b9028b9735a")&gt;</msg>
<status status="PASS" starttime="20230417 04:02:21.545" endtime="20230417 04:02:21.546"/>
</kw>
<kw name="Append To List" library="Collections">
<arg>${ClickableCartElements}</arg>
<arg>${eachProductLocator}</arg>
<doc>Adds ``values`` to the end of ``list``.</doc>
<status status="PASS" starttime="20230417 04:02:21.546" endtime="20230417 04:02:21.546"/>
</kw>
<status status="PASS" starttime="20230417 04:02:21.545" endtime="20230417 04:02:21.546"/>
</iter>
<iter>
<var name="${indexNo}">44</var>
<kw name="Get From List" library="Collections">
<var>${eachProductLocator}</var>
<arg>${addToCartElements}</arg>
<arg>${indexNo}</arg>
<doc>Returns the value specified with an ``index`` from ``list``.</doc>
<msg timestamp="20230417 04:02:21.547" level="INFO">${eachProductLocator} = &lt;selenium.webdriver.remote.webelement.WebElement (session="51ee55a43fff34c8123bafe1cc86fce0", element="1136ca7f-17ee-480a-aee7-6da80c4308ed")&gt;</msg>
<status status="PASS" starttime="20230417 04:02:21.547" endtime="20230417 04:02:21.547"/>
</kw>
<kw name="Append To List" library="Collections">
<arg>${ClickableCartElements}</arg>
<arg>${eachProductLocator}</arg>
<doc>Adds ``values`` to the end of ``list``.</doc>
<status status="PASS" starttime="20230417 04:02:21.547" endtime="20230417 04:02:21.547"/>
</kw>
<status status="PASS" starttime="20230417 04:02:21.546" endtime="20230417 04:02:21.547"/>
</iter>
<iter>
<var name="${indexNo}">46</var>
<kw name="Get From List" library="Collections">
<var>${eachProductLocator}</var>
<arg>${addToCartElements}</arg>
<arg>${indexNo}</arg>
<doc>Returns the value specified with an ``index`` from ``list``.</doc>
<msg timestamp="20230417 04:02:21.548" level="INFO">${eachProductLocator} = &lt;selenium.webdriver.remote.webelement.WebElement (session="51ee55a43fff34c8123bafe1cc86fce0", element="703e835e-2ff3-4761-be49-6480c781d6d6")&gt;</msg>
<status status="PASS" starttime="20230417 04:02:21.547" endtime="20230417 04:02:21.548"/>
</kw>
<kw name="Append To List" library="Collections">
<arg>${ClickableCartElements}</arg>
<arg>${eachProductLocator}</arg>
<doc>Adds ``values`` to the end of ``list``.</doc>
<status status="PASS" starttime="20230417 04:02:21.548" endtime="20230417 04:02:21.548"/>
</kw>
<status status="PASS" starttime="20230417 04:02:21.547" endtime="20230417 04:02:21.548"/>
</iter>
<iter>
<var name="${indexNo}">48</var>
<kw name="Get From List" library="Collections">
<var>${eachProductLocator}</var>
<arg>${addToCartElements}</arg>
<arg>${indexNo}</arg>
<doc>Returns the value specified with an ``index`` from ``list``.</doc>
<msg timestamp="20230417 04:02:21.548" level="INFO">${eachProductLocator} = &lt;selenium.webdriver.remote.webelement.WebElement (session="51ee55a43fff34c8123bafe1cc86fce0", element="73e64f0f-07a0-4d2f-9d80-027386bb9d93")&gt;</msg>
<status status="PASS" starttime="20230417 04:02:21.548" endtime="20230417 04:02:21.548"/>
</kw>
<kw name="Append To List" library="Collections">
<arg>${ClickableCartElements}</arg>
<arg>${eachProductLocator}</arg>
<doc>Adds ``values`` to the end of ``list``.</doc>
<status status="PASS" starttime="20230417 04:02:21.549" endtime="20230417 04:02:21.549"/>
</kw>
<status status="PASS" starttime="20230417 04:02:21.548" endtime="20230417 04:02:21.549"/>
</iter>
<iter>
<var name="${indexNo}">50</var>
<kw name="Get From List" library="Collections">
<var>${eachProductLocator}</var>
<arg>${addToCartElements}</arg>
<arg>${indexNo}</arg>
<doc>Returns the value specified with an ``index`` from ``list``.</doc>
<msg timestamp="20230417 04:02:21.549" level="INFO">${eachProductLocator} = &lt;selenium.webdriver.remote.webelement.WebElement (session="51ee55a43fff34c8123bafe1cc86fce0", element="20eecb25-6c3b-4b73-8c9d-3c204892847b")&gt;</msg>
<status status="PASS" starttime="20230417 04:02:21.549" endtime="20230417 04:02:21.549"/>
</kw>
<kw name="Append To List" library="Collections">
<arg>${ClickableCartElements}</arg>
<arg>${eachProductLocator}</arg>
<doc>Adds ``values`` to the end of ``list``.</doc>
<status status="PASS" starttime="20230417 04:02:21.549" endtime="20230417 04:02:21.550"/>
</kw>
<status status="PASS" starttime="20230417 04:02:21.549" endtime="20230417 04:02:21.550"/>
</iter>
<iter>
<var name="${indexNo}">52</var>
<kw name="Get From List" library="Collections">
<var>${eachProductLocator}</var>
<arg>${addToCartElements}</arg>
<arg>${indexNo}</arg>
<doc>Returns the value specified with an ``index`` from ``list``.</doc>
<msg timestamp="20230417 04:02:21.550" level="INFO">${eachProductLocator} = &lt;selenium.webdriver.remote.webelement.WebElement (session="51ee55a43fff34c8123bafe1cc86fce0", element="fe5f2bfc-3ad2-4782-a5a7-67c4b2e32094")&gt;</msg>
<status status="PASS" starttime="20230417 04:02:21.550" endtime="20230417 04:02:21.550"/>
</kw>
<kw name="Append To List" library="Collections">
<arg>${ClickableCartElements}</arg>
<arg>${eachProductLocator}</arg>
<doc>Adds ``values`` to the end of ``list``.</doc>
<status status="PASS" starttime="20230417 04:02:21.550" endtime="20230417 04:02:21.551"/>
</kw>
<status status="PASS" starttime="20230417 04:02:21.550" endtime="20230417 04:02:21.551"/>
</iter>
<iter>
<var name="${indexNo}">54</var>
<kw name="Get From List" library="Collections">
<var>${eachProductLocator}</var>
<arg>${addToCartElements}</arg>
<arg>${indexNo}</arg>
<doc>Returns the value specified with an ``index`` from ``list``.</doc>
<msg timestamp="20230417 04:02:21.551" level="INFO">${eachProductLocator} = &lt;selenium.webdriver.remote.webelement.WebElement (session="51ee55a43fff34c8123bafe1cc86fce0", element="a52d6c40-bb7f-4743-b5e0-e0ae3e7a060a")&gt;</msg>
<status status="PASS" starttime="20230417 04:02:21.551" endtime="20230417 04:02:21.551"/>
</kw>
<kw name="Append To List" library="Collections">
<arg>${ClickableCartElements}</arg>
<arg>${eachProductLocator}</arg>
<doc>Adds ``values`` to the end of ``list``.</doc>
<status status="PASS" starttime="20230417 04:02:21.551" endtime="20230417 04:02:21.551"/>
</kw>
<status status="PASS" starttime="20230417 04:02:21.551" endtime="20230417 04:02:21.552"/>
</iter>
<iter>
<var name="${indexNo}">56</var>
<kw name="Get From List" library="Collections">
<var>${eachProductLocator}</var>
<arg>${addToCartElements}</arg>
<arg>${indexNo}</arg>
<doc>Returns the value specified with an ``index`` from ``list``.</doc>
<msg timestamp="20230417 04:02:21.552" level="INFO">${eachProductLocator} = &lt;selenium.webdriver.remote.webelement.WebElement (session="51ee55a43fff34c8123bafe1cc86fce0", element="5328223c-c0ad-43f7-814a-aa95ff35e61c")&gt;</msg>
<status status="PASS" starttime="20230417 04:02:21.552" endtime="20230417 04:02:21.552"/>
</kw>
<kw name="Append To List" library="Collections">
<arg>${ClickableCartElements}</arg>
<arg>${eachProductLocator}</arg>
<doc>Adds ``values`` to the end of ``list``.</doc>
<status status="PASS" starttime="20230417 04:02:21.552" endtime="20230417 04:02:21.552"/>
</kw>
<status status="PASS" starttime="20230417 04:02:21.552" endtime="20230417 04:02:21.553"/>
</iter>
<iter>
<var name="${indexNo}">58</var>
<kw name="Get From List" library="Collections">
<var>${eachProductLocator}</var>
<arg>${addToCartElements}</arg>
<arg>${indexNo}</arg>
<doc>Returns the value specified with an ``index`` from ``list``.</doc>
<msg timestamp="20230417 04:02:21.553" level="INFO">${eachProductLocator} = &lt;selenium.webdriver.remote.webelement.WebElement (session="51ee55a43fff34c8123bafe1cc86fce0", element="35caa040-e768-49ac-b333-6afdc053644a")&gt;</msg>
<status status="PASS" starttime="20230417 04:02:21.553" endtime="20230417 04:02:21.553"/>
</kw>
<kw name="Append To List" library="Collections">
<arg>${ClickableCartElements}</arg>
<arg>${eachProductLocator}</arg>
<doc>Adds ``values`` to the end of ``list``.</doc>
<status status="PASS" starttime="20230417 04:02:21.553" endtime="20230417 04:02:21.553"/>
</kw>
<status status="PASS" starttime="20230417 04:02:21.553" endtime="20230417 04:02:21.553"/>
</iter>
<iter>
<var name="${indexNo}">60</var>
<kw name="Get From List" library="Collections">
<var>${eachProductLocator}</var>
<arg>${addToCartElements}</arg>
<arg>${indexNo}</arg>
<doc>Returns the value specified with an ``index`` from ``list``.</doc>
<msg timestamp="20230417 04:02:21.554" level="INFO">${eachProductLocator} = &lt;selenium.webdriver.remote.webelement.WebElement (session="51ee55a43fff34c8123bafe1cc86fce0", element="39330544-42ec-43f3-958b-b57cfeb41a10")&gt;</msg>
<status status="PASS" starttime="20230417 04:02:21.554" endtime="20230417 04:02:21.554"/>
</kw>
<kw name="Append To List" library="Collections">
<arg>${ClickableCartElements}</arg>
<arg>${eachProductLocator}</arg>
<doc>Adds ``values`` to the end of ``list``.</doc>
<status status="PASS" starttime="20230417 04:02:21.554" endtime="20230417 04:02:21.554"/>
</kw>
<status status="PASS" starttime="20230417 04:02:21.553" endtime="20230417 04:02:21.554"/>
</iter>
<iter>
<var name="${indexNo}">62</var>
<kw name="Get From List" library="Collections">
<var>${eachProductLocator}</var>
<arg>${addToCartElements}</arg>
<arg>${indexNo}</arg>
<doc>Returns the value specified with an ``index`` from ``list``.</doc>
<msg timestamp="20230417 04:02:21.555" level="INFO">${eachProductLocator} = &lt;selenium.webdriver.remote.webelement.WebElement (session="51ee55a43fff34c8123bafe1cc86fce0", element="ed0a70d2-0cbb-4680-b099-9176fb41c595")&gt;</msg>
<status status="PASS" starttime="20230417 04:02:21.555" endtime="20230417 04:02:21.555"/>
</kw>
<kw name="Append To List" library="Collections">
<arg>${ClickableCartElements}</arg>
<arg>${eachProductLocator}</arg>
<doc>Adds ``values`` to the end of ``list``.</doc>
<status status="PASS" starttime="20230417 04:02:21.555" endtime="20230417 04:02:21.555"/>
</kw>
<status status="PASS" starttime="20230417 04:02:21.554" endtime="20230417 04:02:21.555"/>
</iter>
<iter>
<var name="${indexNo}">64</var>
<kw name="Get From List" library="Collections">
<var>${eachProductLocator}</var>
<arg>${addToCartElements}</arg>
<arg>${indexNo}</arg>
<doc>Returns the value specified with an ``index`` from ``list``.</doc>
<msg timestamp="20230417 04:02:21.556" level="INFO">${eachProductLocator} = &lt;selenium.webdriver.remote.webelement.WebElement (session="51ee55a43fff34c8123bafe1cc86fce0", element="bb82e433-01f4-4e55-94f7-41ceb6791f54")&gt;</msg>
<status status="PASS" starttime="20230417 04:02:21.555" endtime="20230417 04:02:21.556"/>
</kw>
<kw name="Append To List" library="Collections">
<arg>${ClickableCartElements}</arg>
<arg>${eachProductLocator}</arg>
<doc>Adds ``values`` to the end of ``list``.</doc>
<status status="PASS" starttime="20230417 04:02:21.556" endtime="20230417 04:02:21.556"/>
</kw>
<status status="PASS" starttime="20230417 04:02:21.555" endtime="20230417 04:02:21.556"/>
</iter>
<iter>
<var name="${indexNo}">66</var>
<kw name="Get From List" library="Collections">
<var>${eachProductLocator}</var>
<arg>${addToCartElements}</arg>
<arg>${indexNo}</arg>
<doc>Returns the value specified with an ``index`` from ``list``.</doc>
<msg timestamp="20230417 04:02:21.556" level="INFO">${eachProductLocator} = &lt;selenium.webdriver.remote.webelement.WebElement (session="51ee55a43fff34c8123bafe1cc86fce0", element="3440ae5b-8f9c-430d-a784-cf34d65ceefc")&gt;</msg>
<status status="PASS" starttime="20230417 04:02:21.556" endtime="20230417 04:02:21.556"/>
</kw>
<kw name="Append To List" library="Collections">
<arg>${ClickableCartElements}</arg>
<arg>${eachProductLocator}</arg>
<doc>Adds ``values`` to the end of ``list``.</doc>
<status status="PASS" starttime="20230417 04:02:21.556" endtime="20230417 04:02:21.556"/>
</kw>
<status status="PASS" starttime="20230417 04:02:21.556" endtime="20230417 04:02:21.556"/>
</iter>
<iter>
<var name="${indexNo}">68</var>
<kw name="Get From List" library="Collections">
<var>${eachProductLocator}</var>
<arg>${addToCartElements}</arg>
<arg>${indexNo}</arg>
<doc>Returns the value specified with an ``index`` from ``list``.</doc>
<msg timestamp="20230417 04:02:21.557" level="INFO">${eachProductLocator} = &lt;selenium.webdriver.remote.webelement.WebElement (session="51ee55a43fff34c8123bafe1cc86fce0", element="0aa2dbe7-617e-425f-a0d6-49a2a844511e")&gt;</msg>
<status status="PASS" starttime="20230417 04:02:21.557" endtime="20230417 04:02:21.557"/>
</kw>
<kw name="Append To List" library="Collections">
<arg>${ClickableCartElements}</arg>
<arg>${eachProductLocator}</arg>
<doc>Adds ``values`` to the end of ``list``.</doc>
<status status="PASS" starttime="20230417 04:02:21.557" endtime="20230417 04:02:21.557"/>
</kw>
<status status="PASS" starttime="20230417 04:02:21.556" endtime="20230417 04:02:21.557"/>
</iter>
<iter>
<var name="${indexNo}">70</var>
<kw name="Get From List" library="Collections">
<var>${eachProductLocator}</var>
<arg>${addToCartElements}</arg>
<arg>${indexNo}</arg>
<doc>Returns the value specified with an ``index`` from ``list``.</doc>
<msg timestamp="20230417 04:02:21.557" level="INFO">${eachProductLocator} = &lt;selenium.webdriver.remote.webelement.WebElement (session="51ee55a43fff34c8123bafe1cc86fce0", element="204b7880-c4e6-477f-8754-6335c5cedfe3")&gt;</msg>
<status status="PASS" starttime="20230417 04:02:21.557" endtime="20230417 04:02:21.557"/>
</kw>
<kw name="Append To List" library="Collections">
<arg>${ClickableCartElements}</arg>
<arg>${eachProductLocator}</arg>
<doc>Adds ``values`` to the end of ``list``.</doc>
<status status="PASS" starttime="20230417 04:02:21.557" endtime="20230417 04:02:21.558"/>
</kw>
<status status="PASS" starttime="20230417 04:02:21.557" endtime="20230417 04:02:21.558"/>
</iter>
<iter>
<var name="${indexNo}">72</var>
<kw name="Get From List" library="Collections">
<var>${eachProductLocator}</var>
<arg>${addToCartElements}</arg>
<arg>${indexNo}</arg>
<doc>Returns the value specified with an ``index`` from ``list``.</doc>
<msg timestamp="20230417 04:02:21.558" level="INFO">${eachProductLocator} = &lt;selenium.webdriver.remote.webelement.WebElement (session="51ee55a43fff34c8123bafe1cc86fce0", element="c15a608a-0d49-44d7-bca9-75ac8dbde535")&gt;</msg>
<status status="PASS" starttime="20230417 04:02:21.558" endtime="20230417 04:02:21.558"/>
</kw>
<kw name="Append To List" library="Collections">
<arg>${ClickableCartElements}</arg>
<arg>${eachProductLocator}</arg>
<doc>Adds ``values`` to the end of ``list``.</doc>
<status status="PASS" starttime="20230417 04:02:21.558" endtime="20230417 04:02:21.558"/>
</kw>
<status status="PASS" starttime="20230417 04:02:21.558" endtime="20230417 04:02:21.558"/>
</iter>
<status status="PASS" starttime="20230417 04:02:21.529" endtime="20230417 04:02:21.558"/>
</for>
<kw name="Log To Console" library="BuiltIn">
<arg>${CartElementsLength}</arg>
<doc>Logs the given message to the console.</doc>
<status status="PASS" starttime="20230417 04:02:21.558" endtime="20230417 04:02:21.558"/>
</kw>
<kw name="Get Length" library="BuiltIn">
<var>${g}</var>
<arg>${ClickableCartElements}</arg>
<doc>Returns and logs the length of the given item as an integer.</doc>
<msg timestamp="20230417 04:02:21.559" level="INFO">Length is 37</msg>
<msg timestamp="20230417 04:02:21.559" level="INFO">${g} = 37</msg>
<status status="PASS" starttime="20230417 04:02:21.559" endtime="20230417 04:02:21.559"/>
</kw>
<kw name="Create List" library="BuiltIn">
<var>${os}</var>
<doc>Returns a list containing given items.</doc>
<msg timestamp="20230417 04:02:21.559" level="INFO">${os} = []</msg>
<status status="PASS" starttime="20230417 04:02:21.559" endtime="20230417 04:02:21.559"/>
</kw>
<for flavor="IN RANGE">
<var>${counter}</var>
<value>0</value>
<value>1</value>
<value>1</value>
<iter>
<var name="${counter}">0</var>
<kw name="Random Int" library="FakerLibrary">
<var>${randomNumber}</var>
<arg>1</arg>
<arg>33</arg>
<doc>Generate a random integer between two integers ``min`` and ``max`` inclusive
while observing the provided ``step`` value.</doc>
<msg timestamp="20230417 04:02:21.560" level="INFO">${randomNumber} = 29</msg>
<status status="PASS" starttime="20230417 04:02:21.559" endtime="20230417 04:02:21.560"/>
</kw>
<kw name="Get From List" library="Collections">
<var>${randomProduct}</var>
<arg>${ClickableCartElements}</arg>
<arg>${randomNumber}</arg>
<doc>Returns the value specified with an ``index`` from ``list``.</doc>
<msg timestamp="20230417 04:02:21.560" level="INFO">${randomProduct} = &lt;selenium.webdriver.remote.webelement.WebElement (session="51ee55a43fff34c8123bafe1cc86fce0", element="35caa040-e768-49ac-b333-6afdc053644a")&gt;</msg>
<status status="PASS" starttime="20230417 04:02:21.560" endtime="20230417 04:02:21.561"/>
</kw>
<kw name="Click Element" library="SeleniumLibrary">
<arg>${randomProduct}</arg>
<doc>Click the element identified by ``locator``.</doc>
<msg timestamp="20230417 04:02:21.561" level="INFO">Clicking element '&lt;selenium.webdriver.remote.webelement.WebElement (session="51ee55a43fff34c8123bafe1cc86fce0", element="35caa040-e768-49ac-b333-6afdc053644a")&gt;'.</msg>
<status status="PASS" starttime="20230417 04:02:21.561" endtime="20230417 04:02:22.698"/>
</kw>
<kw name="Click Element" library="SeleniumLibrary">
<arg>${continueShopping}</arg>
<doc>Click the element identified by ``locator``.</doc>
<msg timestamp="20230417 04:02:22.698" level="INFO">Clicking element '//button[@class='btn btn-success close-modal btn-block']'.</msg>
<status status="PASS" starttime="20230417 04:02:22.698" endtime="20230417 04:02:24.746"/>
</kw>
<kw name="Append To List" library="Collections">
<arg>${os}</arg>
<arg>${randomNumber}</arg>
<doc>Adds ``values`` to the end of ``list``.</doc>
<status status="PASS" starttime="20230417 04:02:24.746" endtime="20230417 04:02:24.746"/>
</kw>
<status status="PASS" starttime="20230417 04:02:21.559" endtime="20230417 04:02:24.746"/>
</iter>
<status status="PASS" starttime="20230417 04:02:21.559" endtime="20230417 04:02:24.746"/>
</for>
<kw name="Set Selenium Speed" library="SeleniumLibrary">
<arg>0</arg>
<doc>Sets the delay that is waited after each Selenium command.</doc>
<status status="PASS" starttime="20230417 04:02:24.746" endtime="20230417 04:02:24.746"/>
</kw>
<kw name="Click Element" library="SeleniumLibrary">
<arg>${goToCart}</arg>
<doc>Click the element identified by ``locator``.</doc>
<msg timestamp="20230417 04:02:24.746" level="INFO">Clicking element '(//a[@href='/view_cart'])[1]'.</msg>
<status status="PASS" starttime="20230417 04:02:24.746" endtime="20230417 04:02:26.675"/>
</kw>
<kw name="Element Text Should Be" library="SeleniumLibrary">
<arg>${ShoppingCart}</arg>
<arg>Shopping Cart</arg>
<doc>Verifies that element ``locator`` contains exact the text ``expected``.</doc>
<msg timestamp="20230417 04:02:26.675" level="INFO">Verifying element '//li[@class='active']' contains exact text 'Shopping Cart'.</msg>
<status status="PASS" starttime="20230417 04:02:26.675" endtime="20230417 04:02:26.687"/>
</kw>
<kw name="Log To Console" library="BuiltIn">
<arg>${os}</arg>
<doc>Logs the given message to the console.</doc>
<status status="PASS" starttime="20230417 04:02:26.687" endtime="20230417 04:02:26.687"/>
</kw>
<status status="PASS" starttime="20230417 04:02:21.516" endtime="20230417 04:02:26.687"/>
</kw>
<kw name="Verify Account created">
<kw name="Click Element" library="SeleniumLibrary">
<arg>${ProceedToCheckout}</arg>
<doc>Click the element identified by ``locator``.</doc>
<msg timestamp="20230417 04:02:26.698" level="INFO">Clicking element '//a[@class='btn btn-default check_out']'.</msg>
<status status="PASS" starttime="20230417 04:02:26.687" endtime="20230417 04:02:26.777"/>
</kw>
<kw name="Click Element" library="SeleniumLibrary">
<arg>${RegisterLoginOnCheckoutPopup}</arg>
<doc>Click the element identified by ``locator``.</doc>
<msg timestamp="20230417 04:02:26.778" level="INFO">Clicking element '(//a[@href='/login'])[2]'.</msg>
<status status="PASS" starttime="20230417 04:02:26.777" endtime="20230417 04:02:28.297"/>
</kw>
<kw name="First Name Female" library="FakerLibrary">
<var>${aa}</var>
<msg timestamp="20230417 04:02:28.297" level="INFO">${aa} = Brandy</msg>
<status status="PASS" starttime="20230417 04:02:28.297" endtime="20230417 04:02:28.297"/>
</kw>
<kw name="Last Name" library="FakerLibrary">
<var>${ab}</var>
<msg timestamp="20230417 04:02:28.298" level="INFO">${ab} = Steele</msg>
<status status="PASS" starttime="20230417 04:02:28.297" endtime="20230417 04:02:28.298"/>
</kw>
<kw name="Email" library="FakerLibrary">
<var>${b}</var>
<msg timestamp="20230417 04:02:28.298" level="INFO">${b} = singletonkenneth@example.net</msg>
<status status="PASS" starttime="20230417 04:02:28.298" endtime="20230417 04:02:28.298"/>
</kw>
<kw name="Input Text" library="SeleniumLibrary">
<arg>name</arg>
<arg>${aa}</arg>
<doc>Types the given ``text`` into the text field identified by ``locator``.</doc>
<msg timestamp="20230417 04:02:28.298" level="INFO">Typing text 'Brandy' into text field 'name'.</msg>
<status status="PASS" starttime="20230417 04:02:28.298" endtime="20230417 04:02:28.391"/>
</kw>
<kw name="Input Text" library="SeleniumLibrary">
<arg>${SignupEmailBox}</arg>
<arg>${b}</arg>
<doc>Types the given ``text`` into the text field identified by ``locator``.</doc>
<msg timestamp="20230417 04:02:28.392" level="INFO">Typing text 'singletonkenneth@example.net' into text field '//*[@data-qa='signup-email']'.</msg>
<status status="PASS" starttime="20230417 04:02:28.391" endtime="20230417 04:02:28.473"/>
</kw>
<kw name="Click Button" library="SeleniumLibrary">
<arg>Signup</arg>
<doc>Clicks the button identified by ``locator``.</doc>
<msg timestamp="20230417 04:02:28.474" level="INFO">Clicking button 'Signup'.</msg>
<status status="PASS" starttime="20230417 04:02:28.473" endtime="20230417 04:02:30.710"/>
</kw>
<kw name="Click Element" library="SeleniumLibrary">
<arg>${idGender}</arg>
<doc>Click the element identified by ``locator``.</doc>
<msg timestamp="20230417 04:02:30.711" level="INFO">Clicking element 'id:uniform-id_gender2'.</msg>
<status status="PASS" starttime="20230417 04:02:30.710" endtime="20230417 04:02:30.761"/>
</kw>
<kw name="Password" library="FakerLibrary">
<var>${c}</var>
<doc>Generate a random password of the specified ``length``.</doc>
<msg timestamp="20230417 04:02:30.762" level="INFO">${c} = #42FxJPxF8</msg>
<status status="PASS" starttime="20230417 04:02:30.761" endtime="20230417 04:02:30.762"/>
</kw>
<kw name="Input Text" library="SeleniumLibrary">
<arg>password</arg>
<arg>${c}</arg>
<doc>Types the given ``text`` into the text field identified by ``locator``.</doc>
<msg timestamp="20230417 04:02:30.763" level="INFO">Typing text '#42FxJPxF8' into text field 'password'.</msg>
<status status="PASS" starttime="20230417 04:02:30.762" endtime="20230417 04:02:30.912"/>
</kw>
<kw name="Select From List By Index" library="SeleniumLibrary">
<arg>days</arg>
<arg>10</arg>
<doc>Selects options from selection list ``locator`` by ``indexes``.</doc>
<msg timestamp="20230417 04:02:30.913" level="INFO">Selecting options from selection list 'days' by index 10.</msg>
<status status="PASS" starttime="20230417 04:02:30.912" endtime="20230417 04:02:31.076"/>
</kw>
<kw name="Select From List By Index" library="SeleniumLibrary">
<arg>months</arg>
<arg>1</arg>
<doc>Selects options from selection list ``locator`` by ``indexes``.</doc>
<msg timestamp="20230417 04:02:31.077" level="INFO">Selecting options from selection list 'months' by index 1.</msg>
<status status="PASS" starttime="20230417 04:02:31.076" endtime="20230417 04:02:31.140"/>
</kw>
<kw name="Select From List By Value" library="SeleniumLibrary">
<arg>years</arg>
<arg>1980</arg>
<doc>Selects options from selection list ``locator`` by ``values``.</doc>
<msg timestamp="20230417 04:02:31.140" level="INFO">Selecting options from selection list 'years' by value 1980.</msg>
<status status="PASS" starttime="20230417 04:02:31.140" endtime="20230417 04:02:31.200"/>
</kw>
<kw name="Input Text" library="SeleniumLibrary">
<arg>first_name</arg>
<arg>${aa}</arg>
<doc>Types the given ``text`` into the text field identified by ``locator``.</doc>
<msg timestamp="20230417 04:02:31.200" level="INFO">Typing text 'Brandy' into text field 'first_name'.</msg>
<status status="PASS" starttime="20230417 04:02:31.200" endtime="20230417 04:02:31.269"/>
</kw>
<kw name="Input Text" library="SeleniumLibrary">
<arg>last_name</arg>
<arg>${ab}</arg>
<doc>Types the given ``text`` into the text field identified by ``locator``.</doc>
<msg timestamp="20230417 04:02:31.269" level="INFO">Typing text 'Steele' into text field 'last_name'.</msg>
<status status="PASS" starttime="20230417 04:02:31.269" endtime="20230417 04:02:31.366"/>
</kw>
<kw name="Street Address" library="FakerLibrary">
<var>${street}</var>
<doc>:example: '791 Crist Parks'</doc>
<msg timestamp="20230417 04:02:31.366" level="INFO">${street} = 575 Steven Corner</msg>
<status status="PASS" starttime="20230417 04:02:31.366" endtime="20230417 04:02:31.366"/>
</kw>
<kw name="Input Text" library="SeleniumLibrary">
<arg>address1</arg>
<arg>${street}</arg>
<doc>Types the given ``text`` into the text field identified by ``locator``.</doc>
<msg timestamp="20230417 04:02:31.366" level="INFO">Typing text '575 Steven Corner' into text field 'address1'.</msg>
<status status="PASS" starttime="20230417 04:02:31.366" endtime="20230417 04:02:31.451"/>
</kw>
<kw name="Select From List By Index" library="SeleniumLibrary">
<arg>country</arg>
<arg>5</arg>
<doc>Selects options from selection list ``locator`` by ``indexes``.</doc>
<msg timestamp="20230417 04:02:31.452" level="INFO">Selecting options from selection list 'country' by index 5.</msg>
<status status="PASS" starttime="20230417 04:02:31.452" endtime="20230417 04:02:31.573"/>
</kw>
<kw name="Input Text" library="SeleniumLibrary">
<arg>state</arg>
<arg>Gaziantep</arg>
<doc>Types the given ``text`` into the text field identified by ``locator``.</doc>
<msg timestamp="20230417 04:02:31.574" level="INFO">Typing text 'Gaziantep' into text field 'state'.</msg>
<status status="PASS" starttime="20230417 04:02:31.573" endtime="20230417 04:02:31.650"/>
</kw>
<kw name="Input Text" library="SeleniumLibrary">
<arg>city</arg>
<arg>Körkun</arg>
<doc>Types the given ``text`` into the text field identified by ``locator``.</doc>
<msg timestamp="20230417 04:02:31.650" level="INFO">Typing text 'Körkun' into text field 'city'.</msg>
<status status="PASS" starttime="20230417 04:02:31.650" endtime="20230417 04:02:31.731"/>
</kw>
<kw name="Input Text" library="SeleniumLibrary">
<arg>zipcode</arg>
<arg>27000</arg>
<doc>Types the given ``text`` into the text field identified by ``locator``.</doc>
<msg timestamp="20230417 04:02:31.731" level="INFO">Typing text '27000' into text field 'zipcode'.</msg>
<status status="PASS" starttime="20230417 04:02:31.731" endtime="20230417 04:02:31.804"/>
</kw>
<kw name="Input Text" library="SeleniumLibrary">
<arg>mobile_number</arg>
<arg>+905418585525</arg>
<doc>Types the given ``text`` into the text field identified by ``locator``.</doc>
<msg timestamp="20230417 04:02:31.805" level="INFO">Typing text '+905418585525' into text field 'mobile_number'.</msg>
<status status="PASS" starttime="20230417 04:02:31.804" endtime="20230417 04:02:31.893"/>
</kw>
<kw name="Scroll Element Into View" library="SeleniumLibrary">
<arg>${CreateAccountButton}</arg>
<doc>Scrolls the element identified by ``locator`` into view.</doc>
<status status="PASS" starttime="20230417 04:02:31.893" endtime="20230417 04:02:32.167"/>
</kw>
<kw name="Execute Javascript" library="SeleniumLibrary">
<arg>window.scrollTo(0, document.body.scrollHeight);</arg>
<doc>Executes the given JavaScript code with possible arguments.</doc>
<msg timestamp="20230417 04:02:32.170" level="INFO">Executing JavaScript:
window.scrollTo(0, document.body.scrollHeight);
Without any arguments.</msg>
<status status="PASS" starttime="20230417 04:02:32.168" endtime="20230417 04:02:32.183"/>
</kw>
<kw name="Click Button" library="SeleniumLibrary">
<arg>${CreateAccountButton}</arg>
<doc>Clicks the button identified by ``locator``.</doc>
<msg timestamp="20230417 04:02:32.186" level="INFO">Clicking button '(//button[@type='submit'])[1]'.</msg>
<status status="PASS" starttime="20230417 04:02:32.184" endtime="20230417 04:02:32.271"/>
</kw>
<kw name="Wait Until Element Is Visible" library="SeleniumLibrary">
<arg>${AccountCreatedText}</arg>
<doc>Waits until the element ``locator`` is visible.</doc>
<msg timestamp="20230417 04:02:37.709" level="INFO" html="true">&lt;/td&gt;&lt;/tr&gt;&lt;tr&gt;&lt;td colspan="3"&gt;&lt;a href="selenium-screenshot-33.png"&gt;&lt;img src="selenium-screenshot-33.png" width="800px"&gt;&lt;/a&gt;</msg>
<msg timestamp="20230417 04:02:37.709" level="FAIL">Element '//*[text()='Account Created!']' not visible after 5 seconds.</msg>
<status status="FAIL" starttime="20230417 04:02:32.271" endtime="20230417 04:02:37.709"/>
</kw>
<kw name="Set Variable" library="BuiltIn">
<var>${expectedAccountCreatedText}</var>
<arg>ACCOUNT CREATED!</arg>
<doc>Returns the given values which can then be assigned to a variables.</doc>
<status status="NOT RUN" starttime="20230417 04:02:37.709" endtime="20230417 04:02:37.709"/>
</kw>
<kw name="Get Text" library="SeleniumLibrary">
<var>${ActualAccountCreatedText}</var>
<arg>${AccountCreatedText}</arg>
<doc>Returns the text value of the element identified by ``locator``.</doc>
<status status="NOT RUN" starttime="20230417 04:02:37.709" endtime="20230417 04:02:37.709"/>
</kw>
<kw name="Convert To Upper Case" library="String">
<var>${ActualAccountCreatedText}</var>
<arg>${ActualAccountCreatedText}</arg>
<doc>Converts string to upper case.</doc>
<status status="NOT RUN" starttime="20230417 04:02:37.709" endtime="20230417 04:02:37.709"/>
</kw>
<kw name="Log To Console" library="BuiltIn">
<arg>${ActualAccountCreatedText}</arg>
<doc>Logs the given message to the console.</doc>
<status status="NOT RUN" starttime="20230417 04:02:37.709" endtime="20230417 04:02:37.709"/>
</kw>
<kw name="Element Should Contain" library="SeleniumLibrary">
<arg>${AccountCreatedText}</arg>
<arg>${expectedAccountCreatedText}</arg>
<doc>Verifies that element ``locator`` contains text ``expected``.</doc>
<status status="NOT RUN" starttime="20230417 04:02:37.709" endtime="20230417 04:02:37.709"/>
</kw>
<status status="FAIL" starttime="20230417 04:02:26.687" endtime="20230417 04:02:37.709"/>
</kw>
<kw name="New">
<status status="NOT RUN" starttime="20230417 04:02:37.709" endtime="20230417 04:02:37.709"/>
</kw>
<status status="FAIL" starttime="20230417 04:02:15.635" endtime="20230417 04:02:37.725">Element '//*[text()='Account Created!']' not visible after 5 seconds.</status>
</test>
<status status="FAIL" starttime="20230417 04:02:15.022" endtime="20230417 04:02:37.727"/>
</suite>
<statistics>
<total>
<stat pass="0" fail="1" skip="0">All Tests</stat>
</total>
<tag>
</tag>
<suite>
<stat pass="0" fail="1" skip="0" id="s1" name="AutomationExercise24bis">AutomationExercise24bis</stat>
</suite>
</statistics>
<errors>
</errors>
</robot>
