<?xml version="1.0" encoding="UTF-8"?>
<robot generator="Robot 6.0.1 (Python 3.11.0 on win32)" generated="20230415 02:06:25.088" rpa="false" schemaversion="3">
<suite id="s1" name="Samp" source="C:\development\robot-scripts\UI_RobotLessons\Samp.robot">
<test id="s1-t1" name="Aa" line="15">
<kw name="Dene">
<kw name="Set Variable" library="BuiltIn">
<var>${aa}</var>
<arg>Osman</arg>
<doc>Returns the given values which can then be assigned to a variables.</doc>
<msg timestamp="20230415 02:06:25.832" level="INFO">${aa} = Osman</msg>
<status status="PASS" starttime="20230415 02:06:25.832" endtime="20230415 02:06:25.834"/>
</kw>
<kw name="Set Variable" library="BuiltIn">
<var>@{ExpectedLoggedInText}</var>
<arg>Logged in as</arg>
<doc>Returns the given values which can then be assigned to a variables.</doc>
<msg timestamp="20230415 02:06:25.835" level="FAIL">Cannot set variable '@{ExpectedLoggedInText}': Expected list-like value, got string.</msg>
<status status="FAIL" starttime="20230415 02:06:25.834" endtime="20230415 02:06:25.835"/>
</kw>
<kw>
<var>${ExpectedLoggedInText}</var>
<var>${ExpectedLoggedInText}</var>
<var>${aa}</var>
<status status="NOT RUN" starttime="20230415 02:06:25.835" endtime="20230415 02:06:25.835"/>
</kw>
<kw name="Log To Console" library="BuiltIn">
<arg>${ExpectedLoggedInText}</arg>
<doc>Logs the given message to the console.</doc>
<status status="NOT RUN" starttime="20230415 02:06:25.835" endtime="20230415 02:06:25.835"/>
</kw>
<status status="FAIL" starttime="20230415 02:06:25.832" endtime="20230415 02:06:25.836"/>
</kw>
<status status="FAIL" starttime="20230415 02:06:25.831" endtime="20230415 02:06:25.836">Cannot set variable '@{ExpectedLoggedInText}': Expected list-like value, got string.</status>
</test>
<status status="FAIL" starttime="20230415 02:06:25.091" endtime="20230415 02:06:25.837"/>
</suite>
<statistics>
<total>
<stat pass="0" fail="1" skip="0">All Tests</stat>
</total>
<tag>
</tag>
<suite>
<stat pass="0" fail="1" skip="0" id="s1" name="Samp">Samp</stat>
</suite>
</statistics>
<errors>
</errors>
</robot>
